<?xml version="1.0" encoding="UTF-8"?>
<coverage generated="1715849686">
  <project timestamp="1715849686">
    <file name="/Users/cre/code/fond-of-kudu/bundles/carts-rest-api/src/FondOfKudu/Client/CartsRestApi/CartsRestApiClient.php">
      <class name="FondOfKudu\Client\CartsRestApi\CartsRestApiClient" namespace="global">
        <metrics complexity="2" methods="2" coveredmethods="0" conditionals="0" coveredconditionals="0" statements="6" coveredstatements="0" elements="8" coveredelements="0"/>
      </class>
      <line num="20" type="method" name="resetQuote" visibility="public" complexity="1" crap="2" count="0"/>
      <line num="22" type="stmt" count="0"/>
      <line num="23" type="stmt" count="0"/>
      <line num="24" type="stmt" count="0"/>
      <line num="32" type="method" name="getQuoteByOrderReference" visibility="public" complexity="1" crap="2" count="0"/>
      <line num="34" type="stmt" count="0"/>
      <line num="35" type="stmt" count="0"/>
      <line num="36" type="stmt" count="0"/>
      <metrics loc="39" ncloc="26" classes="1" methods="2" coveredmethods="0" conditionals="0" coveredconditionals="0" statements="6" coveredstatements="0" elements="8" coveredelements="0"/>
    </file>
    <file name="/Users/cre/code/fond-of-kudu/bundles/carts-rest-api/src/FondOfKudu/Client/CartsRestApi/CartsRestApiClientInterface.php">
      <metrics loc="26" ncloc="16" classes="0" methods="0" coveredmethods="0" conditionals="0" coveredconditionals="0" statements="0" coveredstatements="0" elements="0" coveredelements="0"/>
    </file>
    <file name="/Users/cre/code/fond-of-kudu/bundles/carts-rest-api/src/FondOfKudu/Zed/CartsRestApi/Communication/Plugin/ResetCartAttributesMapperPlugin.php">
      <class name="FondOfKudu\Zed\CartsRestApi\Communication\Plugin\ResetCartAttributesMapperPlugin" namespace="global">
        <metrics complexity="5" methods="1" coveredmethods="1" conditionals="0" coveredconditionals="0" statements="9" coveredstatements="9" elements="10" coveredelements="10"/>
      </class>
      <line num="24" type="method" name="mapQuoteTransferToRestCartAttributesTransfer" visibility="public" complexity="5" crap="5" count="3"/>
      <line num="28" type="stmt" count="3"/>
      <line num="30" type="stmt" count="3"/>
      <line num="31" type="stmt" count="3"/>
      <line num="32" type="stmt" count="1"/>
      <line num="34" type="stmt" count="1"/>
      <line num="38" type="stmt" count="3"/>
      <line num="39" type="stmt" count="1"/>
      <line num="42" type="stmt" count="2"/>
      <line num="44" type="stmt" count="2"/>
      <metrics loc="47" ncloc="35" classes="1" methods="1" coveredmethods="1" conditionals="0" coveredconditionals="0" statements="9" coveredstatements="9" elements="10" coveredelements="10"/>
    </file>
    <file name="/Users/cre/code/fond-of-kudu/bundles/checkout-data-gift-cart-payment-country-filter/src/FondOfKudu/Shared/CheckoutDataGiftCartPaymentCountryFilter/CheckoutDataGiftCartPaymentCountryFilterConstants.php">
      <metrics loc="22" ncloc="13" classes="0" methods="0" coveredmethods="0" conditionals="0" coveredconditionals="0" statements="0" coveredstatements="0" elements="0" coveredelements="0"/>
    </file>
    <file name="/Users/cre/code/fond-of-kudu/bundles/checkout-data-gift-cart-payment-country-filter/src/FondOfKudu/Zed/CheckoutDataGiftCartPaymentCountryFilter/Business/CheckoutDataGiftCartPaymentCountryFilterBusinessFactory.php">
      <class name="FondOfKudu\Zed\CheckoutDataGiftCartPaymentCountryFilter\Business\CheckoutDataGiftCartPaymentCountryFilterBusinessFactory" namespace="global">
        <metrics complexity="1" methods="1" coveredmethods="1" conditionals="0" coveredconditionals="0" statements="1" coveredstatements="1" elements="2" coveredelements="2"/>
      </class>
      <line num="17" type="method" name="createCheckoutDataGiftCartPaymentCountryFilter" visibility="public" complexity="1" crap="1" count="1"/>
      <line num="19" type="stmt" count="1"/>
      <metrics loc="22" ncloc="16" classes="1" methods="1" coveredmethods="1" conditionals="0" coveredconditionals="0" statements="1" coveredstatements="1" elements="2" coveredelements="2"/>
    </file>
    <file name="/Users/cre/code/fond-of-kudu/bundles/checkout-data-gift-cart-payment-country-filter/src/FondOfKudu/Zed/CheckoutDataGiftCartPaymentCountryFilter/Business/CheckoutDataGiftCartPaymentCountryFilterFacade.php">
      <class name="FondOfKudu\Zed\CheckoutDataGiftCartPaymentCountryFilter\Business\CheckoutDataGiftCartPaymentCountryFilterFacade" namespace="global">
        <metrics complexity="1" methods="1" coveredmethods="1" conditionals="0" coveredconditionals="0" statements="3" coveredstatements="3" elements="4" coveredelements="4"/>
      </class>
      <line num="20" type="method" name="filter" visibility="public" complexity="1" crap="1" count="1"/>
      <line num="24" type="stmt" count="1"/>
      <line num="25" type="stmt" count="1"/>
      <line num="26" type="stmt" count="1"/>
      <metrics loc="29" ncloc="20" classes="1" methods="1" coveredmethods="1" conditionals="0" coveredconditionals="0" statements="3" coveredstatements="3" elements="4" coveredelements="4"/>
    </file>
    <file name="/Users/cre/code/fond-of-kudu/bundles/checkout-data-gift-cart-payment-country-filter/src/FondOfKudu/Zed/CheckoutDataGiftCartPaymentCountryFilter/Business/CheckoutDataGiftCartPaymentCountryFilterFacadeInterface.php">
      <metrics loc="21" ncloc="15" classes="0" methods="0" coveredmethods="0" conditionals="0" coveredconditionals="0" statements="0" coveredstatements="0" elements="0" coveredelements="0"/>
    </file>
    <file name="/Users/cre/code/fond-of-kudu/bundles/checkout-data-gift-cart-payment-country-filter/src/FondOfKudu/Zed/CheckoutDataGiftCartPaymentCountryFilter/Business/Filter/CheckoutDataGiftCartPaymentCountryFilter.php">
      <class name="FondOfKudu\Zed\CheckoutDataGiftCartPaymentCountryFilter\Business\Filter\CheckoutDataGiftCartPaymentCountryFilter" namespace="global">
        <metrics complexity="10" methods="3" coveredmethods="1" conditionals="0" coveredconditionals="0" statements="16" coveredstatements="14" elements="19" coveredelements="15"/>
      </class>
      <line num="21" type="method" name="__construct" visibility="public" complexity="1" crap="1" count="4"/>
      <line num="23" type="stmt" count="4"/>
      <line num="32" type="method" name="filter" visibility="public" complexity="6" crap="6.03" count="3"/>
      <line num="36" type="stmt" count="3"/>
      <line num="38" type="stmt" count="3"/>
      <line num="39" type="stmt" count="1"/>
      <line num="42" type="stmt" count="2"/>
      <line num="44" type="stmt" count="2"/>
      <line num="45" type="stmt" count="1"/>
      <line num="48" type="stmt" count="1"/>
      <line num="49" type="stmt" count="1"/>
      <line num="50" type="stmt" count="1"/>
      <line num="53" type="stmt" count="0"/>
      <line num="56" type="stmt" count="1"/>
      <line num="64" type="method" name="hasGiftCardPaymentMethod" visibility="protected" complexity="3" crap="3.14" count="2"/>
      <line num="66" type="stmt" count="2"/>
      <line num="67" type="stmt" count="2"/>
      <line num="68" type="stmt" count="2"/>
      <line num="72" type="stmt" count="0"/>
      <metrics loc="75" ncloc="58" classes="1" methods="3" coveredmethods="1" conditionals="0" coveredconditionals="0" statements="16" coveredstatements="14" elements="19" coveredelements="15"/>
    </file>
    <file name="/Users/cre/code/fond-of-kudu/bundles/checkout-data-gift-cart-payment-country-filter/src/FondOfKudu/Zed/CheckoutDataGiftCartPaymentCountryFilter/Business/Filter/CheckoutDataGiftCartPaymentCountryFilterInterface.php">
      <metrics loc="21" ncloc="15" classes="0" methods="0" coveredmethods="0" conditionals="0" coveredconditionals="0" statements="0" coveredstatements="0" elements="0" coveredelements="0"/>
    </file>
    <file name="/Users/cre/code/fond-of-kudu/bundles/checkout-data-gift-cart-payment-country-filter/src/FondOfKudu/Zed/CheckoutDataGiftCartPaymentCountryFilter/CheckoutDataGiftCartPaymentCountryFilterConfig.php">
      <class name="FondOfKudu\Zed\CheckoutDataGiftCartPaymentCountryFilter\CheckoutDataGiftCartPaymentCountryFilterConfig" namespace="global">
        <metrics complexity="1" methods="1" coveredmethods="0" conditionals="0" coveredconditionals="0" statements="4" coveredstatements="0" elements="5" coveredelements="0"/>
      </class>
      <line num="13" type="method" name="getBlacklistedCountries" visibility="public" complexity="1" crap="2" count="0"/>
      <line num="15" type="stmt" count="0"/>
      <line num="16" type="stmt" count="0"/>
      <line num="17" type="stmt" count="0"/>
      <line num="18" type="stmt" count="0"/>
      <metrics loc="21" ncloc="18" classes="1" methods="1" coveredmethods="0" conditionals="0" coveredconditionals="0" statements="4" coveredstatements="0" elements="5" coveredelements="0"/>
    </file>
    <file name="/Users/cre/code/fond-of-kudu/bundles/checkout-data-gift-cart-payment-country-filter/src/FondOfKudu/Zed/CheckoutDataGiftCartPaymentCountryFilter/Communication/Plugin/CheckoutDataGiftCartPaymentCountryFilterPlugin.php">
      <class name="FondOfKudu\Zed\CheckoutDataGiftCartPaymentCountryFilter\Communication\Plugin\CheckoutDataGiftCartPaymentCountryFilterPlugin" namespace="global">
        <metrics complexity="1" methods="1" coveredmethods="1" conditionals="0" coveredconditionals="0" statements="1" coveredstatements="1" elements="2" coveredelements="2"/>
      </class>
      <line num="22" type="method" name="filter" visibility="public" complexity="1" crap="1" count="1"/>
      <line num="26" type="stmt" count="1"/>
      <metrics loc="29" ncloc="19" classes="1" methods="1" coveredmethods="1" conditionals="0" coveredconditionals="0" statements="1" coveredstatements="1" elements="2" coveredelements="2"/>
    </file>
    <file name="/Users/cre/code/fond-of-kudu/bundles/checkout-data-product-country-filter/src/FondOfKudu/Zed/CheckoutDataProductCountryFilter/Business/CheckoutDataProductCountryFilterBusinessFactory.php">
      <class name="FondOfKudu\Zed\CheckoutDataProductCountryFilter\Business\CheckoutDataProductCountryFilterBusinessFactory" namespace="global">
        <metrics complexity="2" methods="2" coveredmethods="0" conditionals="0" coveredconditionals="0" statements="2" coveredstatements="0" elements="4" coveredelements="0"/>
      </class>
      <line num="16" type="method" name="createCheckoutDataProductCountryFilter" visibility="public" complexity="1" crap="2" count="0"/>
      <line num="18" type="stmt" count="0"/>
      <line num="24" type="method" name="getProductCountryRestrictionCheckoutConnectorFacade" visibility="protected" complexity="1" crap="2" count="0"/>
      <line num="26" type="stmt" count="0"/>
      <metrics loc="29" ncloc="23" classes="1" methods="2" coveredmethods="0" conditionals="0" coveredconditionals="0" statements="2" coveredstatements="0" elements="4" coveredelements="0"/>
    </file>
    <file name="/Users/cre/code/fond-of-kudu/bundles/checkout-data-product-country-filter/src/FondOfKudu/Zed/CheckoutDataProductCountryFilter/Business/CheckoutDataProductCountryFilterFacade.php">
      <class name="FondOfKudu\Zed\CheckoutDataProductCountryFilter\Business\CheckoutDataProductCountryFilterFacade" namespace="global">
        <metrics complexity="1" methods="1" coveredmethods="1" conditionals="0" coveredconditionals="0" statements="3" coveredstatements="3" elements="4" coveredelements="4"/>
      </class>
      <line num="20" type="method" name="filter" visibility="public" complexity="1" crap="1" count="1"/>
      <line num="24" type="stmt" count="1"/>
      <line num="25" type="stmt" count="1"/>
      <line num="26" type="stmt" count="1"/>
      <metrics loc="29" ncloc="20" classes="1" methods="1" coveredmethods="1" conditionals="0" coveredconditionals="0" statements="3" coveredstatements="3" elements="4" coveredelements="4"/>
    </file>
    <file name="/Users/cre/code/fond-of-kudu/bundles/checkout-data-product-country-filter/src/FondOfKudu/Zed/CheckoutDataProductCountryFilter/Business/CheckoutDataProductCountryFilterFacadeInterface.php">
      <metrics loc="21" ncloc="15" classes="0" methods="0" coveredmethods="0" conditionals="0" coveredconditionals="0" statements="0" coveredstatements="0" elements="0" coveredelements="0"/>
    </file>
    <file name="/Users/cre/code/fond-of-kudu/bundles/checkout-data-product-country-filter/src/FondOfKudu/Zed/CheckoutDataProductCountryFilter/Business/Filter/CheckoutDataProductCountryFilter.php">
      <class name="FondOfKudu\Zed\CheckoutDataProductCountryFilter\Business\Filter\CheckoutDataProductCountryFilter" namespace="global">
        <metrics complexity="7" methods="2" coveredmethods="1" conditionals="0" coveredconditionals="0" statements="16" coveredstatements="15" elements="18" coveredelements="16"/>
      </class>
      <line num="20" type="method" name="__construct" visibility="public" complexity="1" crap="1" count="3"/>
      <line num="23" type="stmt" count="3"/>
      <line num="32" type="method" name="filter" visibility="public" complexity="6" crap="6.01" count="3"/>
      <line num="36" type="stmt" count="3"/>
      <line num="37" type="stmt" count="1"/>
      <line num="40" type="stmt" count="2"/>
      <line num="41" type="stmt" count="2"/>
      <line num="42" type="stmt" count="2"/>
      <line num="43" type="stmt" count="2"/>
      <line num="45" type="stmt" count="2"/>
      <line num="46" type="stmt" count="1"/>
      <line num="49" type="stmt" count="1"/>
      <line num="50" type="stmt" count="1"/>
      <line num="53" type="stmt" count="1"/>
      <line num="54" type="stmt" count="1"/>
      <line num="55" type="stmt" count="0"/>
      <line num="58" type="stmt" count="1"/>
      <line num="61" type="stmt" count="1"/>
      <metrics loc="64" ncloc="52" classes="1" methods="2" coveredmethods="1" conditionals="0" coveredconditionals="0" statements="16" coveredstatements="15" elements="18" coveredelements="16"/>
    </file>
    <file name="/Users/cre/code/fond-of-kudu/bundles/checkout-data-product-country-filter/src/FondOfKudu/Zed/CheckoutDataProductCountryFilter/Business/Filter/CheckoutDataProductCountryFilterInterface.php">
      <metrics loc="21" ncloc="15" classes="0" methods="0" coveredmethods="0" conditionals="0" coveredconditionals="0" statements="0" coveredstatements="0" elements="0" coveredelements="0"/>
    </file>
    <file name="/Users/cre/code/fond-of-kudu/bundles/checkout-data-product-country-filter/src/FondOfKudu/Zed/CheckoutDataProductCountryFilter/Communication/Plugin/CheckoutDataProductCountryFilterPlugin.php">
      <class name="FondOfKudu\Zed\CheckoutDataProductCountryFilter\Communication\Plugin\CheckoutDataProductCountryFilterPlugin" namespace="global">
        <metrics complexity="1" methods="1" coveredmethods="1" conditionals="0" coveredconditionals="0" statements="1" coveredstatements="1" elements="2" coveredelements="2"/>
      </class>
      <line num="21" type="method" name="filter" visibility="public" complexity="1" crap="1" count="1"/>
      <line num="25" type="stmt" count="1"/>
      <metrics loc="28" ncloc="19" classes="1" methods="1" coveredmethods="1" conditionals="0" coveredconditionals="0" statements="1" coveredstatements="1" elements="2" coveredelements="2"/>
    </file>
    <file name="/Users/cre/code/fond-of-kudu/bundles/checkout-data-product-country-filter/src/FondOfKudu/Zed/CheckoutDataProductCountryFilter/Dependency/Facade/CheckoutDataProductCountryFilterToProductCountryRestrictionCheckoutConnectorFacadeBridge.php">
      <class name="FondOfKudu\Zed\CheckoutDataProductCountryFilter\Dependency\Facade\CheckoutDataProductCountryFilterToProductCountryRestrictionCheckoutConnectorFacadeBridge" namespace="global">
        <metrics complexity="2" methods="2" coveredmethods="2" conditionals="0" coveredconditionals="0" statements="3" coveredstatements="3" elements="5" coveredelements="5"/>
      </class>
      <line num="19" type="method" name="__construct" visibility="public" complexity="1" crap="1" count="1"/>
      <line num="22" type="stmt" count="1"/>
      <line num="30" type="method" name="getBlacklistedCountryCollectionByQuote" visibility="public" complexity="1" crap="1" count="1"/>
      <line num="33" type="stmt" count="1"/>
      <line num="34" type="stmt" count="1"/>
      <metrics loc="37" ncloc="26" classes="1" methods="2" coveredmethods="2" conditionals="0" coveredconditionals="0" statements="3" coveredstatements="3" elements="5" coveredelements="5"/>
    </file>
    <file name="/Users/cre/code/fond-of-kudu/bundles/checkout-data-product-country-filter/src/FondOfKudu/Zed/CheckoutDataProductCountryFilter/Dependency/Facade/CheckoutDataProductCountryFilterToProductCountryRestrictionCheckoutConnectorFacadeInterface.php">
      <metrics loc="19" ncloc="14" classes="0" methods="0" coveredmethods="0" conditionals="0" coveredconditionals="0" statements="0" coveredstatements="0" elements="0" coveredelements="0"/>
    </file>
    <file name="/Users/cre/code/fond-of-kudu/bundles/checkout-rest-api-country-connector/src/FondOfKudu/Glue/CheckoutRestApiCountryConnector/CheckoutRestApiCountryConnectorDependencyProvider.php">
      <class name="FondOfKudu\Glue\CheckoutRestApiCountryConnector\CheckoutRestApiCountryConnectorDependencyProvider" namespace="global">
        <metrics complexity="3" methods="3" coveredmethods="0" conditionals="0" coveredconditionals="0" statements="16" coveredstatements="0" elements="19" coveredelements="0"/>
      </class>
      <line num="27" type="method" name="provideDependencies" visibility="public" complexity="1" crap="2" count="0"/>
      <line num="29" type="stmt" count="0"/>
      <line num="30" type="stmt" count="0"/>
      <line num="31" type="stmt" count="0"/>
      <line num="33" type="stmt" count="0"/>
      <line num="41" type="method" name="addGlossaryStorageClient" visibility="protected" complexity="1" crap="2" count="0"/>
      <line num="43" type="stmt" count="0"/>
      <line num="44" type="stmt" count="0"/>
      <line num="45" type="stmt" count="0"/>
      <line num="46" type="stmt" count="0"/>
      <line num="47" type="stmt" count="0"/>
      <line num="49" type="stmt" count="0"/>
      <line num="57" type="method" name="addLocaleClient" visibility="protected" complexity="1" crap="2" count="0"/>
      <line num="59" type="stmt" count="0"/>
      <line num="60" type="stmt" count="0"/>
      <line num="61" type="stmt" count="0"/>
      <line num="62" type="stmt" count="0"/>
      <line num="63" type="stmt" count="0"/>
      <line num="65" type="stmt" count="0"/>
      <metrics loc="68" ncloc="47" classes="1" methods="3" coveredmethods="0" conditionals="0" coveredconditionals="0" statements="16" coveredstatements="0" elements="19" coveredelements="0"/>
    </file>
    <file name="/Users/cre/code/fond-of-kudu/bundles/checkout-rest-api-country-connector/src/FondOfKudu/Glue/CheckoutRestApiCountryConnector/CheckoutRestApiCountryConnectorFactory.php">
      <class name="FondOfKudu\Glue\CheckoutRestApiCountryConnector\CheckoutRestApiCountryConnectorFactory" namespace="global">
        <metrics complexity="3" methods="3" coveredmethods="3" conditionals="0" coveredconditionals="0" statements="6" coveredstatements="6" elements="9" coveredelements="9"/>
      </class>
      <line num="16" type="method" name="createCountryMapper" visibility="public" complexity="1" crap="1" count="1"/>
      <line num="18" type="stmt" count="1"/>
      <line num="19" type="stmt" count="1"/>
      <line num="20" type="stmt" count="1"/>
      <line num="21" type="stmt" count="1"/>
      <line num="27" type="method" name="getGlossaryStorageClient" visibility="protected" complexity="1" crap="1" count="1"/>
      <line num="29" type="stmt" count="1"/>
      <line num="35" type="method" name="getLocaleClient" visibility="protected" complexity="1" crap="1" count="1"/>
      <line num="37" type="stmt" count="1"/>
      <metrics loc="40" ncloc="31" classes="1" methods="3" coveredmethods="3" conditionals="0" coveredconditionals="0" statements="6" coveredstatements="6" elements="9" coveredelements="9"/>
    </file>
    <file name="/Users/cre/code/fond-of-kudu/bundles/checkout-rest-api-country-connector/src/FondOfKudu/Glue/CheckoutRestApiCountryConnector/Dependency/Client/CheckoutRestApiCountryConnectorToGlossaryStorageClientBridge.php">
      <class name="FondOfKudu\Glue\CheckoutRestApiCountryConnector\Dependency\Client\CheckoutRestApiCountryConnectorToGlossaryStorageClientBridge" namespace="global">
        <metrics complexity="2" methods="2" coveredmethods="2" conditionals="0" coveredconditionals="0" statements="2" coveredstatements="2" elements="4" coveredelements="4"/>
      </class>
      <line num="17" type="method" name="__construct" visibility="public" complexity="1" crap="1" count="1"/>
      <line num="19" type="stmt" count="1"/>
      <line num="29" type="method" name="translate" visibility="public" complexity="1" crap="1" count="1"/>
      <line num="31" type="stmt" count="1"/>
      <metrics loc="34" ncloc="21" classes="1" methods="2" coveredmethods="2" conditionals="0" coveredconditionals="0" statements="2" coveredstatements="2" elements="4" coveredelements="4"/>
    </file>
    <file name="/Users/cre/code/fond-of-kudu/bundles/checkout-rest-api-country-connector/src/FondOfKudu/Glue/CheckoutRestApiCountryConnector/Dependency/Client/CheckoutRestApiCountryConnectorToGlossaryStorageClientInterface.php">
      <metrics loc="16" ncloc="9" classes="0" methods="0" coveredmethods="0" conditionals="0" coveredconditionals="0" statements="0" coveredstatements="0" elements="0" coveredelements="0"/>
    </file>
    <file name="/Users/cre/code/fond-of-kudu/bundles/checkout-rest-api-country-connector/src/FondOfKudu/Glue/CheckoutRestApiCountryConnector/Dependency/Client/CheckoutRestApiCountryConnectorToLocaleClientBridge.php">
      <class name="FondOfKudu\Glue\CheckoutRestApiCountryConnector\Dependency\Client\CheckoutRestApiCountryConnectorToLocaleClientBridge" namespace="global">
        <metrics complexity="2" methods="2" coveredmethods="2" conditionals="0" coveredconditionals="0" statements="2" coveredstatements="2" elements="4" coveredelements="4"/>
      </class>
      <line num="17" type="method" name="__construct" visibility="public" complexity="1" crap="1" count="1"/>
      <line num="19" type="stmt" count="1"/>
      <line num="30" type="method" name="getCurrentLocale" visibility="public" complexity="1" crap="1" count="1"/>
      <line num="32" type="stmt" count="1"/>
      <metrics loc="35" ncloc="21" classes="1" methods="2" coveredmethods="2" conditionals="0" coveredconditionals="0" statements="2" coveredstatements="2" elements="4" coveredelements="4"/>
    </file>
    <file name="/Users/cre/code/fond-of-kudu/bundles/checkout-rest-api-country-connector/src/FondOfKudu/Glue/CheckoutRestApiCountryConnector/Dependency/Client/CheckoutRestApiCountryConnectorToLocaleClientInterface.php">
      <metrics loc="17" ncloc="9" classes="0" methods="0" coveredmethods="0" conditionals="0" coveredconditionals="0" statements="0" coveredstatements="0" elements="0" coveredelements="0"/>
    </file>
    <file name="/Users/cre/code/fond-of-kudu/bundles/checkout-rest-api-country-connector/src/FondOfKudu/Glue/CheckoutRestApiCountryConnector/Plugin/CheckoutRestApi/CountryCheckoutDataResponseMapperPlugin.php">
      <class name="FondOfKudu\Glue\CheckoutRestApiCountryConnector\Plugin\CheckoutRestApi\CountryCheckoutDataResponseMapperPlugin" namespace="global">
        <metrics complexity="1" methods="1" coveredmethods="1" conditionals="0" coveredconditionals="0" statements="7" coveredstatements="7" elements="8" coveredelements="8"/>
      </class>
      <line num="29" type="method" name="mapRestCheckoutDataResponseTransferToRestCheckoutDataResponseAttributesTransfer" visibility="public" complexity="1" crap="1" count="1"/>
      <line num="34" type="stmt" count="1"/>
      <line num="35" type="stmt" count="1"/>
      <line num="36" type="stmt" count="1"/>
      <line num="37" type="stmt" count="1"/>
      <line num="38" type="stmt" count="1"/>
      <line num="39" type="stmt" count="1"/>
      <line num="40" type="stmt" count="1"/>
      <metrics loc="43" ncloc="27" classes="1" methods="1" coveredmethods="1" conditionals="0" coveredconditionals="0" statements="7" coveredstatements="7" elements="8" coveredelements="8"/>
    </file>
    <file name="/Users/cre/code/fond-of-kudu/bundles/checkout-rest-api-country-connector/src/FondOfKudu/Glue/CheckoutRestApiCountryConnector/Processor/Mapper/CountryMapper.php">
      <class name="FondOfKudu\Glue\CheckoutRestApiCountryConnector\Processor\Mapper\CountryMapper" namespace="global">
        <metrics complexity="3" methods="2" coveredmethods="2" conditionals="0" coveredconditionals="0" statements="10" coveredstatements="10" elements="12" coveredelements="12"/>
      </class>
      <line num="28" type="method" name="__construct" visibility="public" complexity="1" crap="1" count="2"/>
      <line num="32" type="stmt" count="2"/>
      <line num="33" type="stmt" count="2"/>
      <line num="43" type="method" name="mapRestCheckoutDataResponseTransferToRestCheckoutDataResponseAttributesTransfer" visibility="public" complexity="2" crap="2" count="1"/>
      <line num="48" type="stmt" count="1"/>
      <line num="49" type="stmt" count="1"/>
      <line num="51" type="stmt" count="1"/>
      <line num="52" type="stmt" count="1"/>
      <line num="53" type="stmt" count="1"/>
      <line num="54" type="stmt" count="1"/>
      <line num="56" type="stmt" count="1"/>
      <line num="59" type="stmt" count="1"/>
      <metrics loc="62" ncloc="45" classes="1" methods="2" coveredmethods="2" conditionals="0" coveredconditionals="0" statements="10" coveredstatements="10" elements="12" coveredelements="12"/>
    </file>
    <file name="/Users/cre/code/fond-of-kudu/bundles/checkout-rest-api-country-connector/src/FondOfKudu/Glue/CheckoutRestApiCountryConnector/Processor/Mapper/CountryMapperInterface.php">
      <metrics loc="24" ncloc="17" classes="0" methods="0" coveredmethods="0" conditionals="0" coveredconditionals="0" statements="0" coveredstatements="0" elements="0" coveredelements="0"/>
    </file>
    <file name="/Users/cre/code/fond-of-kudu/bundles/checkout-rest-api-country-connector/src/FondOfKudu/Zed/CheckoutRestApiCountryConnector/Business/CheckoutRestApiCountryConnectorBusinessFactory.php">
      <class name="FondOfKudu\Zed\CheckoutRestApiCountryConnector\Business\CheckoutRestApiCountryConnectorBusinessFactory" namespace="global">
        <metrics complexity="4" methods="4" coveredmethods="4" conditionals="0" coveredconditionals="0" statements="10" coveredstatements="10" elements="14" coveredelements="14"/>
      </class>
      <line num="17" type="method" name="createCheckoutDataExpander" visibility="public" complexity="1" crap="1" count="1"/>
      <line num="19" type="stmt" count="1"/>
      <line num="20" type="stmt" count="1"/>
      <line num="21" type="stmt" count="1"/>
      <line num="22" type="stmt" count="1"/>
      <line num="23" type="stmt" count="1"/>
      <line num="29" type="method" name="getCountryFacade" visibility="public" complexity="1" crap="1" count="1"/>
      <line num="31" type="stmt" count="1"/>
      <line num="37" type="method" name="getStoreFacade" visibility="protected" complexity="1" crap="1" count="1"/>
      <line num="39" type="stmt" count="1"/>
      <line num="45" type="method" name="getCheckoutRestApiCountryFilterPlugins" visibility="protected" complexity="1" crap="1" count="1"/>
      <line num="47" type="stmt" count="1"/>
      <line num="48" type="stmt" count="1"/>
      <line num="49" type="stmt" count="1"/>
      <metrics loc="52" ncloc="40" classes="1" methods="4" coveredmethods="4" conditionals="0" coveredconditionals="0" statements="10" coveredstatements="10" elements="14" coveredelements="14"/>
    </file>
    <file name="/Users/cre/code/fond-of-kudu/bundles/checkout-rest-api-country-connector/src/FondOfKudu/Zed/CheckoutRestApiCountryConnector/Business/CheckoutRestApiCountryConnectorFacade.php">
      <class name="FondOfKudu\Zed\CheckoutRestApiCountryConnector\Business\CheckoutRestApiCountryConnectorFacade" namespace="global">
        <metrics complexity="1" methods="1" coveredmethods="1" conditionals="0" coveredconditionals="0" statements="3" coveredstatements="3" elements="4" coveredelements="4"/>
      </class>
      <line num="20" type="method" name="expandCheckoutDataWithCountries" visibility="public" complexity="1" crap="1" count="1"/>
      <line num="24" type="stmt" count="1"/>
      <line num="25" type="stmt" count="1"/>
      <line num="26" type="stmt" count="1"/>
      <metrics loc="29" ncloc="20" classes="1" methods="1" coveredmethods="1" conditionals="0" coveredconditionals="0" statements="3" coveredstatements="3" elements="4" coveredelements="4"/>
    </file>
    <file name="/Users/cre/code/fond-of-kudu/bundles/checkout-rest-api-country-connector/src/FondOfKudu/Zed/CheckoutRestApiCountryConnector/Business/CheckoutRestApiCountryConnectorFacadeInterface.php">
      <metrics loc="21" ncloc="15" classes="0" methods="0" coveredmethods="0" conditionals="0" coveredconditionals="0" statements="0" coveredstatements="0" elements="0" coveredelements="0"/>
    </file>
    <file name="/Users/cre/code/fond-of-kudu/bundles/checkout-rest-api-country-connector/src/FondOfKudu/Zed/CheckoutRestApiCountryConnector/Business/Expander/CheckoutDataExpander.php">
      <class name="FondOfKudu\Zed\CheckoutRestApiCountryConnector\Business\Expander\CheckoutDataExpander" namespace="global">
        <metrics complexity="6" methods="3" coveredmethods="2" conditionals="0" coveredconditionals="0" statements="15" coveredstatements="10" elements="18" coveredelements="12"/>
      </class>
      <line num="32" type="method" name="__construct" visibility="public" complexity="1" crap="1" count="2"/>
      <line num="37" type="stmt" count="2"/>
      <line num="38" type="stmt" count="2"/>
      <line num="39" type="stmt" count="2"/>
      <line num="48" type="method" name="expandCheckoutDataWithCountries" visibility="public" complexity="3" crap="4.54" count="1"/>
      <line num="52" type="stmt" count="1"/>
      <line num="53" type="stmt" count="0"/>
      <line num="56" type="stmt" count="1"/>
      <line num="58" type="stmt" count="1"/>
      <line num="59" type="stmt" count="0"/>
      <line num="60" type="stmt" count="0"/>
      <line num="61" type="stmt" count="0"/>
      <line num="62" type="stmt" count="0"/>
      <line num="65" type="stmt" count="1"/>
      <line num="73" type="method" name="addCountriesToRestCheckoutData" visibility="protected" complexity="2" crap="2" count="1"/>
      <line num="76" type="stmt" count="1"/>
      <line num="77" type="stmt" count="1"/>
      <line num="80" type="stmt" count="1"/>
      <metrics loc="83" ncloc="58" classes="1" methods="3" coveredmethods="2" conditionals="0" coveredconditionals="0" statements="15" coveredstatements="10" elements="18" coveredelements="12"/>
    </file>
    <file name="/Users/cre/code/fond-of-kudu/bundles/checkout-rest-api-country-connector/src/FondOfKudu/Zed/CheckoutRestApiCountryConnector/Business/Expander/CheckoutDataExpanderInterface.php">
      <metrics loc="21" ncloc="15" classes="0" methods="0" coveredmethods="0" conditionals="0" coveredconditionals="0" statements="0" coveredstatements="0" elements="0" coveredelements="0"/>
    </file>
    <file name="/Users/cre/code/fond-of-kudu/bundles/checkout-rest-api-country-connector/src/FondOfKudu/Zed/CheckoutRestApiCountryConnector/CheckoutRestApiCountryConnectorDependencyProvider.php">
      <class name="FondOfKudu\Zed\CheckoutRestApiCountryConnector\CheckoutRestApiCountryConnectorDependencyProvider" namespace="global">
        <metrics complexity="5" methods="5" coveredmethods="0" conditionals="0" coveredconditionals="0" statements="18" coveredstatements="0" elements="23" coveredelements="0"/>
      </class>
      <line num="32" type="method" name="provideBusinessLayerDependencies" visibility="public" complexity="1" crap="2" count="0"/>
      <line num="34" type="stmt" count="0"/>
      <line num="35" type="stmt" count="0"/>
      <line num="36" type="stmt" count="0"/>
      <line num="37" type="stmt" count="0"/>
      <line num="39" type="stmt" count="0"/>
      <line num="47" type="method" name="addCountryFacade" visibility="protected" complexity="1" crap="2" count="0"/>
      <line num="49" type="stmt" count="0"/>
      <line num="50" type="stmt" count="0"/>
      <line num="51" type="stmt" count="0"/>
      <line num="53" type="stmt" count="0"/>
      <line num="61" type="method" name="addStoreFacade" visibility="protected" complexity="1" crap="2" count="0"/>
      <line num="63" type="stmt" count="0"/>
      <line num="64" type="stmt" count="0"/>
      <line num="65" type="stmt" count="0"/>
      <line num="67" type="stmt" count="0"/>
      <line num="75" type="method" name="addCheckoutRestApiCountryFilterPlugins" visibility="protected" complexity="1" crap="2" count="0"/>
      <line num="77" type="stmt" count="0"/>
      <line num="78" type="stmt" count="0"/>
      <line num="79" type="stmt" count="0"/>
      <line num="81" type="stmt" count="0"/>
      <line num="87" type="method" name="getCheckoutRestApiCountryFilterPlugins" visibility="protected" complexity="1" crap="2" count="0"/>
      <line num="89" type="stmt" count="0"/>
      <metrics loc="92" ncloc="60" classes="1" methods="5" coveredmethods="0" conditionals="0" coveredconditionals="0" statements="18" coveredstatements="0" elements="23" coveredelements="0"/>
    </file>
    <file name="/Users/cre/code/fond-of-kudu/bundles/checkout-rest-api-country-connector/src/FondOfKudu/Zed/CheckoutRestApiCountryConnector/Communication/Plugin/CheckoutRestApi/CountryCheckoutDataExpanderPlugin.php">
      <class name="FondOfKudu\Zed\CheckoutRestApiCountryConnector\Communication\Plugin\CheckoutRestApi\CountryCheckoutDataExpanderPlugin" namespace="global">
        <metrics complexity="1" methods="1" coveredmethods="1" conditionals="0" coveredconditionals="0" statements="4" coveredstatements="4" elements="5" coveredelements="5"/>
      </class>
      <line num="21" type="method" name="expandCheckoutData" visibility="public" complexity="1" crap="1" count="1"/>
      <line num="25" type="stmt" count="1"/>
      <line num="26" type="stmt" count="1"/>
      <line num="27" type="stmt" count="1"/>
      <line num="28" type="stmt" count="1"/>
      <metrics loc="31" ncloc="22" classes="1" methods="1" coveredmethods="1" conditionals="0" coveredconditionals="0" statements="4" coveredstatements="4" elements="5" coveredelements="5"/>
    </file>
    <file name="/Users/cre/code/fond-of-kudu/bundles/checkout-rest-api-country-connector/src/FondOfKudu/Zed/CheckoutRestApiCountryConnector/Dependency/Facade/CheckoutRestApiCountryConnectorToCountryFacadeBridge.php">
      <class name="FondOfKudu\Zed\CheckoutRestApiCountryConnector\Dependency\Facade\CheckoutRestApiCountryConnectorToCountryFacadeBridge" namespace="global">
        <metrics complexity="2" methods="2" coveredmethods="2" conditionals="0" coveredconditionals="0" statements="2" coveredstatements="2" elements="4" coveredelements="4"/>
      </class>
      <line num="15" type="method" name="__construct" visibility="public" complexity="1" crap="1" count="1"/>
      <line num="17" type="stmt" count="1"/>
      <line num="30" type="method" name="getCountryByIso2Code" visibility="public" complexity="1" crap="1" count="1"/>
      <line num="32" type="stmt" count="1"/>
      <metrics loc="35" ncloc="22" classes="1" methods="2" coveredmethods="2" conditionals="0" coveredconditionals="0" statements="2" coveredstatements="2" elements="4" coveredelements="4"/>
    </file>
    <file name="/Users/cre/code/fond-of-kudu/bundles/checkout-rest-api-country-connector/src/FondOfKudu/Zed/CheckoutRestApiCountryConnector/Dependency/Facade/CheckoutRestApiCountryConnectorToCountryFacadeInterface.php">
      <metrics loc="21" ncloc="11" classes="0" methods="0" coveredmethods="0" conditionals="0" coveredconditionals="0" statements="0" coveredstatements="0" elements="0" coveredelements="0"/>
    </file>
    <file name="/Users/cre/code/fond-of-kudu/bundles/checkout-rest-api-country-connector/src/FondOfKudu/Zed/CheckoutRestApiCountryConnector/Dependency/Facade/CheckoutRestApiCountryConnectorToStoreFacadeBridge.php">
      <class name="FondOfKudu\Zed\CheckoutRestApiCountryConnector\Dependency\Facade\CheckoutRestApiCountryConnectorToStoreFacadeBridge" namespace="global">
        <metrics complexity="2" methods="2" coveredmethods="2" conditionals="0" coveredconditionals="0" statements="2" coveredstatements="2" elements="4" coveredelements="4"/>
      </class>
      <line num="15" type="method" name="__construct" visibility="public" complexity="1" crap="1" count="1"/>
      <line num="17" type="stmt" count="1"/>
      <line num="23" type="method" name="getCurrentStore" visibility="public" complexity="1" crap="1" count="1"/>
      <line num="25" type="stmt" count="1"/>
      <metrics loc="28" ncloc="22" classes="1" methods="2" coveredmethods="2" conditionals="0" coveredconditionals="0" statements="2" coveredstatements="2" elements="4" coveredelements="4"/>
    </file>
    <file name="/Users/cre/code/fond-of-kudu/bundles/checkout-rest-api-country-connector/src/FondOfKudu/Zed/CheckoutRestApiCountryConnector/Dependency/Facade/CheckoutRestApiCountryConnectorToStoreFacadeInterface.php">
      <metrics loc="14" ncloc="11" classes="0" methods="0" coveredmethods="0" conditionals="0" coveredconditionals="0" statements="0" coveredstatements="0" elements="0" coveredelements="0"/>
    </file>
    <file name="/Users/cre/code/fond-of-kudu/bundles/checkout-rest-api/src/FondOfKudu/Zed/CheckoutRestApi/Business/Checkout/PlaceOrderProcessor.php">
      <class name="FondOfKudu\Zed\CheckoutRestApi\Business\Checkout\PlaceOrderProcessor" namespace="global">
        <metrics complexity="3" methods="2" coveredmethods="2" conditionals="0" coveredconditionals="0" statements="6" coveredstatements="6" elements="8" coveredelements="8"/>
      </class>
      <line num="29" type="method" name="__construct" visibility="public" complexity="1" crap="1" count="1"/>
      <line num="37" type="stmt" count="1"/>
      <line num="45" type="method" name="placeOrderWithCartRemoval" visibility="protected" complexity="2" crap="2" count="1"/>
      <line num="47" type="stmt" count="1"/>
      <line num="49" type="stmt" count="1"/>
      <line num="50" type="stmt" count="1"/>
      <line num="52" type="stmt" count="1"/>
      <line num="55" type="stmt" count="1"/>
      <metrics loc="58" ncloc="42" classes="1" methods="2" coveredmethods="2" conditionals="0" coveredconditionals="0" statements="6" coveredstatements="6" elements="8" coveredelements="8"/>
    </file>
    <file name="/Users/cre/code/fond-of-kudu/bundles/checkout-rest-api/src/FondOfKudu/Zed/CheckoutRestApi/Communication/Plugin/CartCustomerReferenceQuoteMapperPlugin.php">
      <class name="FondOfKudu\Zed\CheckoutRestApi\Communication\Plugin\CartCustomerReferenceQuoteMapperPlugin" namespace="global">
        <metrics complexity="1" methods="1" coveredmethods="1" conditionals="0" coveredconditionals="0" statements="4" coveredstatements="4" elements="5" coveredelements="5"/>
      </class>
      <line num="17" type="method" name="map" visibility="public" complexity="1" crap="1" count="1"/>
      <line num="19" type="stmt" count="1"/>
      <line num="20" type="stmt" count="1"/>
      <line num="21" type="stmt" count="1"/>
      <line num="23" type="stmt" count="1"/>
      <metrics loc="26" ncloc="20" classes="1" methods="1" coveredmethods="1" conditionals="0" coveredconditionals="0" statements="4" coveredstatements="4" elements="5" coveredelements="5"/>
    </file>
    <file name="/Users/cre/code/fond-of-kudu/bundles/checkout-rest-api/src/FondOfKudu/Zed/CheckoutRestApi/Dependency/Facade/CheckoutRestApiToQuoteFacadeInterface.php">
      <metrics loc="18" ncloc="13" classes="0" methods="0" coveredmethods="0" conditionals="0" coveredconditionals="0" statements="0" coveredstatements="0" elements="0" coveredelements="0"/>
    </file>
    <file name="/Users/cre/code/fond-of-kudu/bundles/discount-promotion-rest-api/src/FondOfKudu/Glue/DiscountPromotionsRestApi/Dependency/Client/DiscountPromotionRestApiToPriceProductStorageClientBridge.php">
      <class name="FondOfKudu\Glue\DiscountPromotionsRestApi\Dependency\Client\DiscountPromotionRestApiToPriceProductStorageClientBridge" namespace="global">
        <metrics complexity="2" methods="2" coveredmethods="0" conditionals="0" coveredconditionals="0" statements="2" coveredstatements="0" elements="4" coveredelements="0"/>
      </class>
      <line num="17" type="method" name="__construct" visibility="public" complexity="1" crap="2" count="0"/>
      <line num="19" type="stmt" count="0"/>
      <line num="25" type="method" name="getPriceProductAbstractTransfers" visibility="public" complexity="1" crap="2" count="0"/>
      <line num="27" type="stmt" count="0"/>
      <metrics loc="30" ncloc="21" classes="1" methods="2" coveredmethods="0" conditionals="0" coveredconditionals="0" statements="2" coveredstatements="0" elements="4" coveredelements="0"/>
    </file>
    <file name="/Users/cre/code/fond-of-kudu/bundles/discount-promotion-rest-api/src/FondOfKudu/Glue/DiscountPromotionsRestApi/Dependency/Client/DiscountPromotionRestApiToPriceProductStorageClientInterface.php">
      <metrics loc="19" ncloc="9" classes="0" methods="0" coveredmethods="0" conditionals="0" coveredconditionals="0" statements="0" coveredstatements="0" elements="0" coveredelements="0"/>
    </file>
    <file name="/Users/cre/code/fond-of-kudu/bundles/discount-promotion-rest-api/src/FondOfKudu/Glue/DiscountPromotionsRestApi/Dependency/Client/DiscountPromotionRestApiToProductResourceAliasStorageClientBridge.php">
      <class name="FondOfKudu\Glue\DiscountPromotionsRestApi\Dependency\Client\DiscountPromotionRestApiToProductResourceAliasStorageClientBridge" namespace="global">
        <metrics complexity="2" methods="2" coveredmethods="2" conditionals="0" coveredconditionals="0" statements="2" coveredstatements="2" elements="4" coveredelements="4"/>
      </class>
      <line num="17" type="method" name="__construct" visibility="public" complexity="1" crap="1" count="1"/>
      <line num="19" type="stmt" count="1"/>
      <line num="30" type="method" name="getBulkProductAbstractStorageData" visibility="public" complexity="1" crap="1" count="1"/>
      <line num="32" type="stmt" count="1"/>
      <metrics loc="35" ncloc="21" classes="1" methods="2" coveredmethods="2" conditionals="0" coveredconditionals="0" statements="2" coveredstatements="2" elements="4" coveredelements="4"/>
    </file>
    <file name="/Users/cre/code/fond-of-kudu/bundles/discount-promotion-rest-api/src/FondOfKudu/Glue/DiscountPromotionsRestApi/Dependency/Client/DiscountPromotionRestApiToProductResourceAliasStorageClientInterface.php">
      <metrics loc="17" ncloc="9" classes="0" methods="0" coveredmethods="0" conditionals="0" coveredconditionals="0" statements="0" coveredstatements="0" elements="0" coveredelements="0"/>
    </file>
    <file name="/Users/cre/code/fond-of-kudu/bundles/discount-promotion-rest-api/src/FondOfKudu/Glue/DiscountPromotionsRestApi/Dependency/Client/DiscountPromotionsRestApiToCurrencyClientBridge.php">
      <class name="FondOfKudu\Glue\DiscountPromotionsRestApi\Dependency\Client\DiscountPromotionsRestApiToCurrencyClientBridge" namespace="global">
        <metrics complexity="2" methods="2" coveredmethods="0" conditionals="0" coveredconditionals="0" statements="2" coveredstatements="0" elements="4" coveredelements="0"/>
      </class>
      <line num="15" type="method" name="__construct" visibility="public" complexity="1" crap="2" count="0"/>
      <line num="17" type="stmt" count="0"/>
      <line num="23" type="method" name="getCurrent" visibility="public" complexity="1" crap="2" count="0"/>
      <line num="25" type="stmt" count="0"/>
      <metrics loc="28" ncloc="22" classes="1" methods="2" coveredmethods="0" conditionals="0" coveredconditionals="0" statements="2" coveredstatements="0" elements="4" coveredelements="0"/>
    </file>
    <file name="/Users/cre/code/fond-of-kudu/bundles/discount-promotion-rest-api/src/FondOfKudu/Glue/DiscountPromotionsRestApi/Dependency/Client/DiscountPromotionsRestApiToCurrencyClientInterface.php">
      <metrics loc="14" ncloc="11" classes="0" methods="0" coveredmethods="0" conditionals="0" coveredconditionals="0" statements="0" coveredstatements="0" elements="0" coveredelements="0"/>
    </file>
    <file name="/Users/cre/code/fond-of-kudu/bundles/discount-promotion-rest-api/src/FondOfKudu/Glue/DiscountPromotionsRestApi/Dependency/Client/DiscountPromotionsRestApiToProductStorageClientBridge.php">
      <class name="FondOfKudu\Glue\DiscountPromotionsRestApi\Dependency\Client\DiscountPromotionsRestApiToProductStorageClientBridge" namespace="global">
        <metrics complexity="2" methods="2" coveredmethods="2" conditionals="0" coveredconditionals="0" statements="6" coveredstatements="6" elements="8" coveredelements="8"/>
      </class>
      <line num="15" type="method" name="__construct" visibility="public" complexity="1" crap="1" count="1"/>
      <line num="17" type="stmt" count="1"/>
      <line num="27" type="method" name="findProductAbstractViewTransfer" visibility="public" complexity="1" crap="1" count="1"/>
      <line num="29" type="stmt" count="1"/>
      <line num="30" type="stmt" count="1"/>
      <line num="31" type="stmt" count="1"/>
      <line num="32" type="stmt" count="1"/>
      <line num="33" type="stmt" count="1"/>
      <metrics loc="36" ncloc="26" classes="1" methods="2" coveredmethods="2" conditionals="0" coveredconditionals="0" statements="6" coveredstatements="6" elements="8" coveredelements="8"/>
    </file>
    <file name="/Users/cre/code/fond-of-kudu/bundles/discount-promotion-rest-api/src/FondOfKudu/Glue/DiscountPromotionsRestApi/Dependency/Client/DiscountPromotionsRestApiToProductStorageClientInterface.php">
      <metrics loc="32" ncloc="15" classes="0" methods="0" coveredmethods="0" conditionals="0" coveredconditionals="0" statements="0" coveredstatements="0" elements="0" coveredelements="0"/>
    </file>
    <file name="/Users/cre/code/fond-of-kudu/bundles/discount-promotion-rest-api/src/FondOfKudu/Glue/DiscountPromotionsRestApi/Dependency/Service/DiscountPromotionsRestApiToDiscountServiceBridge.php">
      <class name="FondOfKudu\Glue\DiscountPromotionsRestApi\Dependency\Service\DiscountPromotionsRestApiToDiscountServiceBridge" namespace="global">
        <metrics complexity="2" methods="2" coveredmethods="2" conditionals="0" coveredconditionals="0" statements="2" coveredstatements="2" elements="4" coveredelements="4"/>
      </class>
      <line num="19" type="method" name="__construct" visibility="public" complexity="1" crap="1" count="1"/>
      <line num="21" type="stmt" count="1"/>
      <line num="29" type="method" name="calculate" visibility="public" complexity="1" crap="1" count="1"/>
      <line num="31" type="stmt" count="1"/>
      <metrics loc="34" ncloc="23" classes="1" methods="2" coveredmethods="2" conditionals="0" coveredconditionals="0" statements="2" coveredstatements="2" elements="4" coveredelements="4"/>
    </file>
    <file name="/Users/cre/code/fond-of-kudu/bundles/discount-promotion-rest-api/src/FondOfKudu/Glue/DiscountPromotionsRestApi/Dependency/Service/DiscountPromotionsRestApiToDiscountServiceInterface.php">
      <metrics loc="19" ncloc="14" classes="0" methods="0" coveredmethods="0" conditionals="0" coveredconditionals="0" statements="0" coveredstatements="0" elements="0" coveredelements="0"/>
    </file>
    <file name="/Users/cre/code/fond-of-kudu/bundles/discount-promotion-rest-api/src/FondOfKudu/Glue/DiscountPromotionsRestApi/DiscountPromotionsRestApiConfig.php">
      <class name="FondOfKudu\Glue\DiscountPromotionsRestApi\DiscountPromotionsRestApiConfig" namespace="global">
        <metrics complexity="2" methods="2" coveredmethods="0" conditionals="0" coveredconditionals="0" statements="17" coveredstatements="0" elements="19" coveredelements="0"/>
      </class>
      <line num="13" type="method" name="getProductViewTransferAttributesToMap" visibility="public" complexity="1" crap="2" count="0"/>
      <line num="15" type="stmt" count="0"/>
      <line num="16" type="stmt" count="0"/>
      <line num="17" type="stmt" count="0"/>
      <line num="18" type="stmt" count="0"/>
      <line num="19" type="stmt" count="0"/>
      <line num="20" type="stmt" count="0"/>
      <line num="21" type="stmt" count="0"/>
      <line num="22" type="stmt" count="0"/>
      <line num="23" type="stmt" count="0"/>
      <line num="24" type="stmt" count="0"/>
      <line num="25" type="stmt" count="0"/>
      <line num="26" type="stmt" count="0"/>
      <line num="27" type="stmt" count="0"/>
      <line num="28" type="stmt" count="0"/>
      <line num="29" type="stmt" count="0"/>
      <line num="30" type="stmt" count="0"/>
      <line num="36" type="method" name="getImageSetByName" visibility="public" complexity="1" crap="2" count="0"/>
      <line num="38" type="stmt" count="0"/>
      <metrics loc="41" ncloc="35" classes="1" methods="2" coveredmethods="0" conditionals="0" coveredconditionals="0" statements="17" coveredstatements="0" elements="19" coveredelements="0"/>
    </file>
    <file name="/Users/cre/code/fond-of-kudu/bundles/discount-promotion-rest-api/src/FondOfKudu/Glue/DiscountPromotionsRestApi/DiscountPromotionsRestApiFactory.php">
      <class name="FondOfKudu\Glue\DiscountPromotionsRestApi\DiscountPromotionsRestApiFactory" namespace="global">
        <metrics complexity="11" methods="11" coveredmethods="0" conditionals="0" coveredconditionals="0" statements="25" coveredstatements="0" elements="36" coveredelements="0"/>
      </class>
      <line num="32" type="method" name="createPromotionItemByQuoteResourceRelationshipExpander" visibility="public" complexity="1" crap="2" count="0"/>
      <line num="34" type="stmt" count="0"/>
      <line num="35" type="stmt" count="0"/>
      <line num="36" type="stmt" count="0"/>
      <line num="37" type="stmt" count="0"/>
      <line num="43" type="method" name="createPromotionItemMapper" visibility="public" complexity="1" crap="2" count="0"/>
      <line num="45" type="stmt" count="0"/>
      <line num="46" type="stmt" count="0"/>
      <line num="47" type="stmt" count="0"/>
      <line num="48" type="stmt" count="0"/>
      <line num="49" type="stmt" count="0"/>
      <line num="50" type="stmt" count="0"/>
      <line num="51" type="stmt" count="0"/>
      <line num="52" type="stmt" count="0"/>
      <line num="58" type="method" name="createPromotionProductMapper" visibility="protected" complexity="1" crap="2" count="0"/>
      <line num="60" type="stmt" count="0"/>
      <line num="61" type="stmt" count="0"/>
      <line num="62" type="stmt" count="0"/>
      <line num="63" type="stmt" count="0"/>
      <line num="64" type="stmt" count="0"/>
      <line num="70" type="method" name="createRestProductPriceAttributeMapper" visibility="protected" complexity="1" crap="2" count="0"/>
      <line num="72" type="stmt" count="0"/>
      <line num="78" type="method" name="createDiscountCalculationRequestMapper" visibility="protected" complexity="1" crap="2" count="0"/>
      <line num="80" type="stmt" count="0"/>
      <line num="86" type="method" name="getProductResourceAliasStorageClient" visibility="protected" complexity="1" crap="2" count="0"/>
      <line num="88" type="stmt" count="0"/>
      <line num="94" type="method" name="getProductStorageClient" visibility="protected" complexity="1" crap="2" count="0"/>
      <line num="96" type="stmt" count="0"/>
      <line num="102" type="method" name="getPriceProductStorageClient" visibility="protected" complexity="1" crap="2" count="0"/>
      <line num="104" type="stmt" count="0"/>
      <line num="110" type="method" name="getDiscountService" visibility="protected" complexity="1" crap="2" count="0"/>
      <line num="112" type="stmt" count="0"/>
      <line num="118" type="method" name="getCurrencyClient" visibility="protected" complexity="1" crap="2" count="0"/>
      <line num="120" type="stmt" count="0"/>
      <line num="126" type="method" name="createRestResponseProductImageMapper" visibility="protected" complexity="1" crap="2" count="0"/>
      <line num="128" type="stmt" count="0"/>
      <metrics loc="131" ncloc="95" classes="1" methods="11" coveredmethods="0" conditionals="0" coveredconditionals="0" statements="25" coveredstatements="0" elements="36" coveredelements="0"/>
    </file>
    <file name="/Users/cre/code/fond-of-kudu/bundles/discount-promotion-rest-api/src/FondOfKudu/Glue/DiscountPromotionsRestApi/Plugin/GlueApplication/PromotionItemByQuoteTransferResourceRelationshipPlugin.php">
      <class name="FondOfKudu\Glue\DiscountPromotionsRestApi\Plugin\GlueApplication\PromotionItemByQuoteTransferResourceRelationshipPlugin" namespace="global">
        <metrics complexity="2" methods="2" coveredmethods="2" conditionals="0" coveredconditionals="0" statements="4" coveredstatements="4" elements="6" coveredelements="6"/>
      </class>
      <line num="32" type="method" name="addResourceRelationships" visibility="public" complexity="1" crap="1" count="1"/>
      <line num="34" type="stmt" count="1"/>
      <line num="35" type="stmt" count="1"/>
      <line num="36" type="stmt" count="1"/>
      <line num="46" type="method" name="getRelationshipResourceType" visibility="public" complexity="1" crap="1" count="1"/>
      <line num="48" type="stmt" count="1"/>
      <metrics loc="51" ncloc="24" classes="1" methods="2" coveredmethods="2" conditionals="0" coveredconditionals="0" statements="4" coveredstatements="4" elements="6" coveredelements="6"/>
    </file>
    <file name="/Users/cre/code/fond-of-kudu/bundles/discount-promotion-rest-api/src/FondOfKudu/Glue/DiscountPromotionsRestApi/Processor/Expander/PromotionItemByQuoteResourceRelationshipExpander.php">
      <class name="FondOfKudu\Glue\DiscountPromotionsRestApi\Processor\Expander\PromotionItemByQuoteResourceRelationshipExpander" namespace="global">
        <metrics complexity="3" methods="1" coveredmethods="1" conditionals="0" coveredconditionals="0" statements="22" coveredstatements="22" elements="23" coveredelements="23"/>
      </class>
      <line num="23" type="method" name="addResourceRelationships" visibility="public" complexity="3" crap="3" count="1"/>
      <line num="25" type="stmt" count="1"/>
      <line num="27" type="stmt" count="1"/>
      <line num="28" type="stmt" count="1"/>
      <line num="29" type="stmt" count="1"/>
      <line num="31" type="stmt" count="1"/>
      <line num="32" type="stmt" count="1"/>
      <line num="33" type="stmt" count="1"/>
      <line num="34" type="stmt" count="1"/>
      <line num="35" type="stmt" count="1"/>
      <line num="36" type="stmt" count="1"/>
      <line num="38" type="stmt" count="1"/>
      <line num="39" type="stmt" count="1"/>
      <line num="40" type="stmt" count="1"/>
      <line num="41" type="stmt" count="1"/>
      <line num="42" type="stmt" count="1"/>
      <line num="43" type="stmt" count="1"/>
      <line num="45" type="stmt" count="1"/>
      <line num="46" type="stmt" count="1"/>
      <line num="47" type="stmt" count="1"/>
      <line num="48" type="stmt" count="1"/>
      <line num="49" type="stmt" count="1"/>
      <line num="51" type="stmt" count="1"/>
      <metrics loc="56" ncloc="47" classes="1" methods="1" coveredmethods="1" conditionals="0" coveredconditionals="0" statements="22" coveredstatements="22" elements="23" coveredelements="23"/>
    </file>
    <file name="/Users/cre/code/fond-of-kudu/bundles/discount-promotion-rest-api/src/FondOfKudu/Glue/DiscountPromotionsRestApi/Processor/Mapper/DiscountCalculationRequestMapper.php">
      <class name="FondOfKudu\Glue\DiscountPromotionsRestApi\Processor\Mapper\DiscountCalculationRequestMapper" namespace="global">
        <metrics complexity="1" methods="1" coveredmethods="1" conditionals="0" coveredconditionals="0" statements="5" coveredstatements="5" elements="6" coveredelements="6"/>
      </class>
      <line num="17" type="method" name="mapFromDiscountTransfer" visibility="public" complexity="1" crap="1" count="1"/>
      <line num="21" type="stmt" count="1"/>
      <line num="22" type="stmt" count="1"/>
      <line num="24" type="stmt" count="1"/>
      <line num="25" type="stmt" count="1"/>
      <line num="26" type="stmt" count="1"/>
      <metrics loc="29" ncloc="23" classes="1" methods="1" coveredmethods="1" conditionals="0" coveredconditionals="0" statements="5" coveredstatements="5" elements="6" coveredelements="6"/>
    </file>
    <file name="/Users/cre/code/fond-of-kudu/bundles/discount-promotion-rest-api/src/FondOfKudu/Glue/DiscountPromotionsRestApi/Processor/Mapper/DiscountCalculationRequestMapperInterface.php">
      <metrics loc="21" ncloc="15" classes="0" methods="0" coveredmethods="0" conditionals="0" coveredconditionals="0" statements="0" coveredstatements="0" elements="0" coveredelements="0"/>
    </file>
    <file name="/Users/cre/code/fond-of-kudu/bundles/discount-promotion-rest-api/src/FondOfKudu/Glue/DiscountPromotionsRestApi/Processor/Mapper/PromotionItemMapper.php">
      <class name="FondOfKudu\Glue\DiscountPromotionsRestApi\Processor\Mapper\PromotionItemMapper" namespace="global">
        <metrics complexity="10" methods="2" coveredmethods="1" conditionals="0" coveredconditionals="0" statements="46" coveredstatements="32" elements="48" coveredelements="33"/>
      </class>
      <line num="59" type="method" name="__construct" visibility="public" complexity="1" crap="1" count="2"/>
      <line num="67" type="stmt" count="2"/>
      <line num="68" type="stmt" count="2"/>
      <line num="69" type="stmt" count="2"/>
      <line num="70" type="stmt" count="2"/>
      <line num="71" type="stmt" count="2"/>
      <line num="72" type="stmt" count="2"/>
      <line num="82" type="method" name="mapPromotedProductsToRestPromotionalItemsAttributesTransfer" visibility="public" complexity="9" crap="12.47" count="2"/>
      <line num="87" type="stmt" count="2"/>
      <line num="88" type="stmt" count="0"/>
      <line num="91" type="stmt" count="2"/>
      <line num="92" type="stmt" count="2"/>
      <line num="93" type="stmt" count="2"/>
      <line num="94" type="stmt" count="2"/>
      <line num="96" type="stmt" count="2"/>
      <line num="97" type="stmt" count="2"/>
      <line num="98" type="stmt" count="0"/>
      <line num="101" type="stmt" count="2"/>
      <line num="103" type="stmt" count="0"/>
      <line num="104" type="stmt" count="0"/>
      <line num="105" type="stmt" count="0"/>
      <line num="106" type="stmt" count="0"/>
      <line num="107" type="stmt" count="0"/>
      <line num="109" type="stmt" count="0"/>
      <line num="113" type="stmt" count="0"/>
      <line num="114" type="stmt" count="0"/>
      <line num="115" type="stmt" count="0"/>
      <line num="116" type="stmt" count="0"/>
      <line num="117" type="stmt" count="0"/>
      <line num="118" type="stmt" count="0"/>
      <line num="120" type="stmt" count="2"/>
      <line num="121" type="stmt" count="2"/>
      <line num="123" type="stmt" count="2"/>
      <line num="124" type="stmt" count="1"/>
      <line num="128" type="stmt" count="1"/>
      <line num="129" type="stmt" count="1"/>
      <line num="130" type="stmt" count="1"/>
      <line num="131" type="stmt" count="1"/>
      <line num="132" type="stmt" count="1"/>
      <line num="134" type="stmt" count="1"/>
      <line num="136" type="stmt" count="1"/>
      <line num="137" type="stmt" count="1"/>
      <line num="138" type="stmt" count="1"/>
      <line num="139" type="stmt" count="1"/>
      <line num="140" type="stmt" count="1"/>
      <line num="141" type="stmt" count="1"/>
      <line num="143" type="stmt" count="1"/>
      <line num="146" type="stmt" count="2"/>
      <metrics loc="149" ncloc="112" classes="1" methods="2" coveredmethods="1" conditionals="0" coveredconditionals="0" statements="46" coveredstatements="32" elements="48" coveredelements="33"/>
    </file>
    <file name="/Users/cre/code/fond-of-kudu/bundles/discount-promotion-rest-api/src/FondOfKudu/Glue/DiscountPromotionsRestApi/Processor/Mapper/PromotionItemMapperInterface.php">
      <metrics loc="24" ncloc="17" classes="0" methods="0" coveredmethods="0" conditionals="0" coveredconditionals="0" statements="0" coveredstatements="0" elements="0" coveredelements="0"/>
    </file>
    <file name="/Users/cre/code/fond-of-kudu/bundles/discount-promotion-rest-api/src/FondOfKudu/Glue/DiscountPromotionsRestApi/Processor/Mapper/PromotionProductMapper.php">
      <class name="FondOfKudu\Glue\DiscountPromotionsRestApi\Processor\Mapper\PromotionProductMapper" namespace="global">
        <metrics complexity="7" methods="3" coveredmethods="2" conditionals="0" coveredconditionals="0" statements="31" coveredstatements="27" elements="34" coveredelements="29"/>
      </class>
      <line num="36" type="method" name="__construct" visibility="public" complexity="1" crap="1" count="1"/>
      <line num="41" type="stmt" count="1"/>
      <line num="42" type="stmt" count="1"/>
      <line num="43" type="stmt" count="1"/>
      <line num="53" type="method" name="mapProductViewTransferToRestPromotionalProductTransfer" visibility="public" complexity="3" crap="3.05" count="1"/>
      <line num="58" type="stmt" count="1"/>
      <line num="61" type="stmt" count="1"/>
      <line num="62" type="stmt" count="1"/>
      <line num="63" type="stmt" count="0"/>
      <line num="64" type="stmt" count="0"/>
      <line num="65" type="stmt" count="0"/>
      <line num="68" type="stmt" count="1"/>
      <line num="69" type="stmt" count="1"/>
      <line num="70" type="stmt" count="1"/>
      <line num="72" type="stmt" count="1"/>
      <line num="73" type="stmt" count="1"/>
      <line num="74" type="stmt" count="1"/>
      <line num="75" type="stmt" count="1"/>
      <line num="77" type="stmt" count="1"/>
      <line num="78" type="stmt" count="0"/>
      <line num="80" type="stmt" count="1"/>
      <line num="83" type="stmt" count="1"/>
      <line num="84" type="stmt" count="1"/>
      <line num="85" type="stmt" count="1"/>
      <line num="86" type="stmt" count="1"/>
      <line num="87" type="stmt" count="1"/>
      <line num="88" type="stmt" count="1"/>
      <line num="89" type="stmt" count="1"/>
      <line num="97" type="method" name="mapAttributesFromProductViewTransfer" visibility="protected" complexity="3" crap="3" count="1"/>
      <line num="100" type="stmt" count="1"/>
      <line num="102" type="stmt" count="1"/>
      <line num="103" type="stmt" count="1"/>
      <line num="104" type="stmt" count="1"/>
      <line num="108" type="stmt" count="1"/>
      <metrics loc="111" ncloc="85" classes="1" methods="3" coveredmethods="2" conditionals="0" coveredconditionals="0" statements="31" coveredstatements="27" elements="34" coveredelements="29"/>
    </file>
    <file name="/Users/cre/code/fond-of-kudu/bundles/discount-promotion-rest-api/src/FondOfKudu/Glue/DiscountPromotionsRestApi/Processor/Mapper/PromotionProductMapperInterface.php">
      <metrics loc="24" ncloc="17" classes="0" methods="0" coveredmethods="0" conditionals="0" coveredconditionals="0" statements="0" coveredstatements="0" elements="0" coveredelements="0"/>
    </file>
    <file name="/Users/cre/code/fond-of-kudu/bundles/discount-promotion-rest-api/src/FondOfKudu/Glue/DiscountPromotionsRestApi/Processor/Mapper/RestProductPriceAttributeMapper.php">
      <class name="FondOfKudu\Glue\DiscountPromotionsRestApi\Processor\Mapper\RestProductPriceAttributeMapper" namespace="global">
        <metrics complexity="2" methods="2" coveredmethods="2" conditionals="0" coveredconditionals="0" statements="10" coveredstatements="10" elements="12" coveredelements="12"/>
      </class>
      <line num="20" type="method" name="__construct" visibility="public" complexity="1" crap="1" count="1"/>
      <line num="22" type="stmt" count="1"/>
      <line num="30" type="method" name="mapFromProductViewTransfer" visibility="public" complexity="1" crap="1" count="1"/>
      <line num="33" type="stmt" count="1"/>
      <line num="35" type="stmt" count="1"/>
      <line num="36" type="stmt" count="1"/>
      <line num="37" type="stmt" count="1"/>
      <line num="38" type="stmt" count="1"/>
      <line num="40" type="stmt" count="1"/>
      <line num="41" type="stmt" count="1"/>
      <line num="42" type="stmt" count="1"/>
      <line num="43" type="stmt" count="1"/>
      <metrics loc="46" ncloc="35" classes="1" methods="2" coveredmethods="2" conditionals="0" coveredconditionals="0" statements="10" coveredstatements="10" elements="12" coveredelements="12"/>
    </file>
    <file name="/Users/cre/code/fond-of-kudu/bundles/discount-promotion-rest-api/src/FondOfKudu/Glue/DiscountPromotionsRestApi/Processor/Mapper/RestProductPriceAttributeMapperInterface.php">
      <metrics loc="19" ncloc="14" classes="0" methods="0" coveredmethods="0" conditionals="0" coveredconditionals="0" statements="0" coveredstatements="0" elements="0" coveredelements="0"/>
    </file>
    <file name="/Users/cre/code/fond-of-kudu/bundles/discount-promotion-rest-api/src/FondOfKudu/Glue/DiscountPromotionsRestApi/Processor/Mapper/RestResponseProductImageMapper.php">
      <class name="FondOfKudu\Glue\DiscountPromotionsRestApi\Processor\Mapper\RestResponseProductImageMapper" namespace="global">
        <metrics complexity="8" methods="3" coveredmethods="2" conditionals="0" coveredconditionals="0" statements="16" coveredstatements="13" elements="19" coveredelements="15"/>
      </class>
      <line num="29" type="method" name="__construct" visibility="public" complexity="1" crap="1" count="1"/>
      <line num="31" type="stmt" count="1"/>
      <line num="39" type="method" name="mapFromProductViewTransfer" visibility="public" complexity="6" crap="6.73" count="1"/>
      <line num="41" type="stmt" count="1"/>
      <line num="43" type="stmt" count="1"/>
      <line num="44" type="stmt" count="1"/>
      <line num="45" type="stmt" count="1"/>
      <line num="46" type="stmt" count="0"/>
      <line num="49" type="stmt" count="1"/>
      <line num="50" type="stmt" count="1"/>
      <line num="52" type="stmt" count="1"/>
      <line num="55" type="stmt" count="0"/>
      <line num="56" type="stmt" count="0"/>
      <line num="61" type="stmt" count="1"/>
      <line num="70" type="method" name="buildArray" visibility="protected" complexity="1" crap="1" count="1"/>
      <line num="72" type="stmt" count="1"/>
      <line num="73" type="stmt" count="1"/>
      <line num="74" type="stmt" count="1"/>
      <line num="75" type="stmt" count="1"/>
      <metrics loc="78" ncloc="55" classes="1" methods="3" coveredmethods="2" conditionals="0" coveredconditionals="0" statements="16" coveredstatements="13" elements="19" coveredelements="15"/>
    </file>
    <file name="/Users/cre/code/fond-of-kudu/bundles/discount-promotion-rest-api/src/FondOfKudu/Glue/DiscountPromotionsRestApi/Processor/Mapper/RestResponseProductImageMapperInterface.php">
      <metrics loc="16" ncloc="11" classes="0" methods="0" coveredmethods="0" conditionals="0" coveredconditionals="0" statements="0" coveredstatements="0" elements="0" coveredelements="0"/>
    </file>
    <file name="/Users/cre/code/fond-of-kudu/bundles/discount-promotion-rest-api/src/FondOfKudu/Shared/DiscountPromotionsRestApi/DiscountPromotionsRestApiConstants.php">
      <metrics loc="72" ncloc="33" classes="0" methods="0" coveredmethods="0" conditionals="0" coveredconditionals="0" statements="0" coveredstatements="0" elements="0" coveredelements="0"/>
    </file>
    <file name="/Users/cre/code/fond-of-kudu/bundles/oms-order-confirmation/src/FondOfKudu/Zed/OmsOrderConfirmation/Business/Mail/RevocationPolicyMailExpander.php">
      <class name="FondOfKudu\Zed\OmsOrderConfirmation\Business\Mail\RevocationPolicyMailExpander" namespace="global">
        <metrics complexity="7" methods="4" coveredmethods="4" conditionals="0" coveredconditionals="0" statements="14" coveredstatements="14" elements="18" coveredelements="18"/>
      </class>
      <line num="20" type="method" name="__construct" visibility="public" complexity="1" crap="1" count="3"/>
      <line num="22" type="stmt" count="3"/>
      <line num="31" type="method" name="expandOrderMailTransfer" visibility="public" complexity="1" crap="1" count="3"/>
      <line num="33" type="stmt" count="3"/>
      <line num="35" type="stmt" count="3"/>
      <line num="43" type="method" name="setRevocationPolicy" visibility="protected" complexity="4" crap="4" count="3"/>
      <line num="45" type="stmt" count="3"/>
      <line num="46" type="stmt" count="3"/>
      <line num="48" type="stmt" count="3"/>
      <line num="49" type="stmt" count="1"/>
      <line num="52" type="stmt" count="2"/>
      <line num="53" type="stmt" count="1"/>
      <line num="56" type="stmt" count="1"/>
      <line num="65" type="method" name="addAttachment" visibility="protected" complexity="1" crap="1" count="1"/>
      <line num="67" type="stmt" count="1"/>
      <line num="69" type="stmt" count="1"/>
      <line num="70" type="stmt" count="1"/>
      <line num="72" type="stmt" count="1"/>
      <metrics loc="75" ncloc="52" classes="1" methods="4" coveredmethods="4" conditionals="0" coveredconditionals="0" statements="14" coveredstatements="14" elements="18" coveredelements="18"/>
    </file>
    <file name="/Users/cre/code/fond-of-kudu/bundles/oms-order-confirmation/src/FondOfKudu/Zed/OmsOrderConfirmation/Business/Mail/RevocationPolicyMailExpanderInterface.php">
      <metrics loc="18" ncloc="12" classes="0" methods="0" coveredmethods="0" conditionals="0" coveredconditionals="0" statements="0" coveredstatements="0" elements="0" coveredelements="0"/>
    </file>
    <file name="/Users/cre/code/fond-of-kudu/bundles/oms-order-confirmation/src/FondOfKudu/Zed/OmsOrderConfirmation/Business/OmsOrderConfirmationBusinessFactory.php">
      <class name="FondOfKudu\Zed\OmsOrderConfirmation\Business\OmsOrderConfirmationBusinessFactory" namespace="global">
        <metrics complexity="1" methods="1" coveredmethods="0" conditionals="0" coveredconditionals="0" statements="1" coveredstatements="0" elements="2" coveredelements="0"/>
      </class>
      <line num="17" type="method" name="createRevocationPolicyMailExpander" visibility="public" complexity="1" crap="2" count="0"/>
      <line num="19" type="stmt" count="0"/>
      <metrics loc="22" ncloc="16" classes="1" methods="1" coveredmethods="0" conditionals="0" coveredconditionals="0" statements="1" coveredstatements="0" elements="2" coveredelements="0"/>
    </file>
    <file name="/Users/cre/code/fond-of-kudu/bundles/oms-order-confirmation/src/FondOfKudu/Zed/OmsOrderConfirmation/Business/OmsOrderConfirmationFacade.php">
      <class name="FondOfKudu\Zed\OmsOrderConfirmation\Business\OmsOrderConfirmationFacade" namespace="global">
        <metrics complexity="1" methods="1" coveredmethods="1" conditionals="0" coveredconditionals="0" statements="3" coveredstatements="3" elements="4" coveredelements="4"/>
      </class>
      <line num="20" type="method" name="expandOrderMailTransfer" visibility="public" complexity="1" crap="1" count="1"/>
      <line num="22" type="stmt" count="1"/>
      <line num="23" type="stmt" count="1"/>
      <line num="24" type="stmt" count="1"/>
      <metrics loc="27" ncloc="18" classes="1" methods="1" coveredmethods="1" conditionals="0" coveredconditionals="0" statements="3" coveredstatements="3" elements="4" coveredelements="4"/>
    </file>
    <file name="/Users/cre/code/fond-of-kudu/bundles/oms-order-confirmation/src/FondOfKudu/Zed/OmsOrderConfirmation/Business/OmsOrderConfirmationFacadeInterface.php">
      <metrics loc="18" ncloc="12" classes="0" methods="0" coveredmethods="0" conditionals="0" coveredconditionals="0" statements="0" coveredstatements="0" elements="0" coveredelements="0"/>
    </file>
    <file name="/Users/cre/code/fond-of-kudu/bundles/oms-order-confirmation/src/FondOfKudu/Zed/OmsOrderConfirmation/Dependency/Plugin/Oms/RevocationPolicyMailExpanderPlugin.php">
      <class name="FondOfKudu\Zed\OmsOrderConfirmation\Dependency\Plugin\Oms\RevocationPolicyMailExpanderPlugin" namespace="global">
        <metrics complexity="1" methods="1" coveredmethods="1" conditionals="0" coveredconditionals="0" statements="1" coveredstatements="1" elements="2" coveredelements="2"/>
      </class>
      <line num="23" type="method" name="expand" visibility="public" complexity="1" crap="1" count="1"/>
      <line num="25" type="stmt" count="1"/>
      <metrics loc="28" ncloc="17" classes="1" methods="1" coveredmethods="1" conditionals="0" coveredconditionals="0" statements="1" coveredstatements="1" elements="2" coveredelements="2"/>
    </file>
    <file name="/Users/cre/code/fond-of-kudu/bundles/oms-order-confirmation/src/FondOfKudu/Zed/OmsOrderConfirmation/OmsOrderConfirmationConfig.php">
      <class name="FondOfKudu\Zed\OmsOrderConfirmation\OmsOrderConfirmationConfig" namespace="global">
        <metrics complexity="1" methods="1" coveredmethods="0" conditionals="0" coveredconditionals="0" statements="1" coveredstatements="0" elements="2" coveredelements="0"/>
      </class>
      <line num="13" type="method" name="getRevocationPolicyUrl" visibility="public" complexity="1" crap="2" count="0"/>
      <line num="15" type="stmt" count="0"/>
      <metrics loc="18" ncloc="15" classes="1" methods="1" coveredmethods="0" conditionals="0" coveredconditionals="0" statements="1" coveredstatements="0" elements="2" coveredelements="0"/>
    </file>
    <file name="/Users/cre/code/fond-of-kudu/bundles/oms-payone-error/src/FondOfKudu/Zed/OmsPayoneError/Communication/Plugin/Oms/Condition/Error3dSecureConditionPlugin.php">
      <class name="FondOfKudu\Zed\OmsPayoneError\Communication\Plugin\Oms\Condition\Error3dSecureConditionPlugin" namespace="global">
        <metrics complexity="3" methods="1" coveredmethods="1" conditionals="0" coveredconditionals="0" statements="4" coveredstatements="4" elements="5" coveredelements="5"/>
      </class>
      <line num="29" type="method" name="check" visibility="public" complexity="3" crap="3" count="3"/>
      <line num="31" type="stmt" count="3"/>
      <line num="33" type="stmt" count="3"/>
      <line num="34" type="stmt" count="1"/>
      <line num="37" type="stmt" count="2"/>
      <metrics loc="40" ncloc="26" classes="1" methods="1" coveredmethods="1" conditionals="0" coveredconditionals="0" statements="4" coveredstatements="4" elements="5" coveredelements="5"/>
    </file>
    <file name="/Users/cre/code/fond-of-kudu/bundles/oms-payone-error/src/FondOfKudu/Zed/OmsPayoneError/Communication/Plugin/Oms/Condition/ErrorInOrderPaymentRequestConditionPlugin.php">
      <class name="FondOfKudu\Zed\OmsPayoneError\Communication\Plugin\Oms\Condition\ErrorInOrderPaymentRequestConditionPlugin" namespace="global">
        <metrics complexity="3" methods="1" coveredmethods="1" conditionals="0" coveredconditionals="0" statements="4" coveredstatements="4" elements="5" coveredelements="5"/>
      </class>
      <line num="29" type="method" name="check" visibility="public" complexity="3" crap="3" count="3"/>
      <line num="31" type="stmt" count="3"/>
      <line num="33" type="stmt" count="3"/>
      <line num="34" type="stmt" count="1"/>
      <line num="37" type="stmt" count="2"/>
      <metrics loc="40" ncloc="26" classes="1" methods="1" coveredmethods="1" conditionals="0" coveredconditionals="0" statements="4" coveredstatements="4" elements="5" coveredelements="5"/>
    </file>
    <file name="/Users/cre/code/fond-of-kudu/bundles/oms-payone-error/src/FondOfKudu/Zed/OmsPayoneError/Communication/Plugin/Oms/Condition/ErrorIssueWithCustomerPaymentMethodConditionPlugin.php">
      <class name="FondOfKudu\Zed\OmsPayoneError\Communication\Plugin\Oms\Condition\ErrorIssueWithCustomerPaymentMethodConditionPlugin" namespace="global">
        <metrics complexity="3" methods="1" coveredmethods="1" conditionals="0" coveredconditionals="0" statements="4" coveredstatements="4" elements="5" coveredelements="5"/>
      </class>
      <line num="29" type="method" name="check" visibility="public" complexity="3" crap="3" count="3"/>
      <line num="31" type="stmt" count="3"/>
      <line num="33" type="stmt" count="3"/>
      <line num="34" type="stmt" count="1"/>
      <line num="37" type="stmt" count="2"/>
      <metrics loc="40" ncloc="26" classes="1" methods="1" coveredmethods="1" conditionals="0" coveredconditionals="0" statements="4" coveredstatements="4" elements="5" coveredelements="5"/>
    </file>
    <file name="/Users/cre/code/fond-of-kudu/bundles/oms-payone-error/src/FondOfKudu/Zed/OmsPayoneError/Communication/Plugin/Oms/Condition/ErrorOrderAddressConditionPlugin.php">
      <class name="FondOfKudu\Zed\OmsPayoneError\Communication\Plugin\Oms\Condition\ErrorOrderAddressConditionPlugin" namespace="global">
        <metrics complexity="3" methods="1" coveredmethods="1" conditionals="0" coveredconditionals="0" statements="4" coveredstatements="4" elements="5" coveredelements="5"/>
      </class>
      <line num="29" type="method" name="check" visibility="public" complexity="3" crap="3" count="3"/>
      <line num="31" type="stmt" count="3"/>
      <line num="33" type="stmt" count="3"/>
      <line num="34" type="stmt" count="1"/>
      <line num="37" type="stmt" count="2"/>
      <metrics loc="40" ncloc="26" classes="1" methods="1" coveredmethods="1" conditionals="0" coveredconditionals="0" statements="4" coveredstatements="4" elements="5" coveredelements="5"/>
    </file>
    <file name="/Users/cre/code/fond-of-kudu/bundles/oms-payone-error/src/FondOfKudu/Zed/OmsPayoneError/Communication/Plugin/Oms/Condition/ErrorPaymentRejectedByThirdPartyConditionPlugin.php">
      <class name="FondOfKudu\Zed\OmsPayoneError\Communication\Plugin\Oms\Condition\ErrorPaymentRejectedByThirdPartyConditionPlugin" namespace="global">
        <metrics complexity="3" methods="1" coveredmethods="1" conditionals="0" coveredconditionals="0" statements="4" coveredstatements="4" elements="5" coveredelements="5"/>
      </class>
      <line num="29" type="method" name="check" visibility="public" complexity="3" crap="3" count="3"/>
      <line num="31" type="stmt" count="3"/>
      <line num="33" type="stmt" count="3"/>
      <line num="34" type="stmt" count="1"/>
      <line num="37" type="stmt" count="2"/>
      <metrics loc="40" ncloc="26" classes="1" methods="1" coveredmethods="1" conditionals="0" coveredconditionals="0" statements="4" coveredstatements="4" elements="5" coveredelements="5"/>
    </file>
    <file name="/Users/cre/code/fond-of-kudu/bundles/oms-payone-error/src/FondOfKudu/Zed/OmsPayoneError/Communication/Plugin/Oms/Condition/ErrorPayoneSettingsIncorrectConditionPlugin.php">
      <class name="FondOfKudu\Zed\OmsPayoneError\Communication\Plugin\Oms\Condition\ErrorPayoneSettingsIncorrectConditionPlugin" namespace="global">
        <metrics complexity="3" methods="1" coveredmethods="1" conditionals="0" coveredconditionals="0" statements="4" coveredstatements="4" elements="5" coveredelements="5"/>
      </class>
      <line num="29" type="method" name="check" visibility="public" complexity="3" crap="3" count="3"/>
      <line num="31" type="stmt" count="3"/>
      <line num="33" type="stmt" count="3"/>
      <line num="34" type="stmt" count="1"/>
      <line num="37" type="stmt" count="2"/>
[...]
      <metrics loc="21" ncloc="13" classes="0" methods="0" coveredmethods="0" conditionals="0" coveredconditionals="0" statements="0" coveredstatements="0" elements="0" coveredelements="0"/>
    </file>
    <file name="/Users/cre/code/fond-of-kudu/bundles/product-api-schedule-price-import/src/FondOfKudu/Zed/ProductApiSchedulePriceImport/Dependency/Facade/ProductApiSchedulePriceImportToPriceProductFacadeBridge.php">
      <class name="FondOfKudu\Zed\ProductApiSchedulePriceImport\Dependency\Facade\ProductApiSchedulePriceImportToPriceProductFacadeBridge" namespace="global">
        <metrics complexity="2" methods="2" coveredmethods="0" conditionals="0" coveredconditionals="0" statements="2" coveredstatements="0" elements="4" coveredelements="0"/>
      </class>
      <line num="18" type="method" name="__construct" visibility="public" complexity="1" crap="2" count="0"/>
      <line num="20" type="stmt" count="0"/>
      <line num="28" type="method" name="findPriceTypeByName" visibility="public" complexity="1" crap="2" count="0"/>
      <line num="30" type="stmt" count="0"/>
      <metrics loc="33" ncloc="22" classes="1" methods="2" coveredmethods="0" conditionals="0" coveredconditionals="0" statements="2" coveredstatements="0" elements="4" coveredelements="0"/>
    </file>
    <file name="/Users/cre/code/fond-of-kudu/bundles/product-api-schedule-price-import/src/FondOfKudu/Zed/ProductApiSchedulePriceImport/Dependency/Facade/ProductApiSchedulePriceImportToPriceProductFacadeInterface.php">
      <metrics loc="16" ncloc="11" classes="0" methods="0" coveredmethods="0" conditionals="0" coveredconditionals="0" statements="0" coveredstatements="0" elements="0" coveredelements="0"/>
    </file>
    <file name="/Users/cre/code/fond-of-kudu/bundles/product-api-schedule-price-import/src/FondOfKudu/Zed/ProductApiSchedulePriceImport/Dependency/Facade/ProductApiSchedulePriceImportToPriceProductScheduleFacadeBridge.php">
      <class name="FondOfKudu\Zed\ProductApiSchedulePriceImport\Dependency\Facade\ProductApiSchedulePriceImportToPriceProductScheduleFacadeBridge" namespace="global">
        <metrics complexity="4" methods="4" coveredmethods="0" conditionals="0" coveredconditionals="0" statements="4" coveredstatements="0" elements="8" coveredelements="0"/>
      </class>
      <line num="19" type="method" name="__construct" visibility="public" complexity="1" crap="2" count="0"/>
      <line num="21" type="stmt" count="0"/>
      <line num="29" type="method" name="createAndApplyPriceProductSchedule" visibility="public" complexity="1" crap="2" count="0"/>
      <line num="32" type="stmt" count="0"/>
      <line num="40" type="method" name="updateAndApplyPriceProductSchedule" visibility="public" complexity="1" crap="2" count="0"/>
      <line num="43" type="stmt" count="0"/>
      <line num="51" type="method" name="removeAndApplyPriceProductSchedule" visibility="public" complexity="1" crap="2" count="0"/>
      <line num="53" type="stmt" count="0"/>
      <metrics loc="56" ncloc="35" classes="1" methods="4" coveredmethods="0" conditionals="0" coveredconditionals="0" statements="4" coveredstatements="0" elements="8" coveredelements="0"/>
    </file>
    <file name="/Users/cre/code/fond-of-kudu/bundles/product-api-schedule-price-import/src/FondOfKudu/Zed/ProductApiSchedulePriceImport/Dependency/Facade/ProductApiSchedulePriceImportToPriceProductScheduleFacadeInterface.php">
      <metrics loc="35" ncloc="20" classes="0" methods="0" coveredmethods="0" conditionals="0" coveredconditionals="0" statements="0" coveredstatements="0" elements="0" coveredelements="0"/>
    </file>
    <file name="/Users/cre/code/fond-of-kudu/bundles/product-api-schedule-price-import/src/FondOfKudu/Zed/ProductApiSchedulePriceImport/Dependency/Facade/ProductApiSchedulePriceImportToStoreFacadeBridge.php">
      <class name="FondOfKudu\Zed\ProductApiSchedulePriceImport\Dependency\Facade\ProductApiSchedulePriceImportToStoreFacadeBridge" namespace="global">
        <metrics complexity="2" methods="2" coveredmethods="2" conditionals="0" coveredconditionals="0" statements="2" coveredstatements="2" elements="4" coveredelements="4"/>
      </class>
      <line num="18" type="method" name="__construct" visibility="public" complexity="1" crap="1" count="1"/>
      <line num="20" type="stmt" count="1"/>
      <line num="28" type="method" name="getCurrentStore" visibility="public" complexity="1" crap="1" count="1"/>
      <line num="30" type="stmt" count="1"/>
      <metrics loc="33" ncloc="22" classes="1" methods="2" coveredmethods="2" conditionals="0" coveredconditionals="0" statements="2" coveredstatements="2" elements="4" coveredelements="4"/>
    </file>
    <file name="/Users/cre/code/fond-of-kudu/bundles/product-api-schedule-price-import/src/FondOfKudu/Zed/ProductApiSchedulePriceImport/Dependency/Facade/ProductApiSchedulePriceImportToStoreFacadeInterface.php">
      <metrics loc="16" ncloc="11" classes="0" methods="0" coveredmethods="0" conditionals="0" coveredconditionals="0" statements="0" coveredstatements="0" elements="0" coveredelements="0"/>
    </file>
    <file name="/Users/cre/code/fond-of-kudu/bundles/product-api-schedule-price-import/src/FondOfKudu/Zed/ProductApiSchedulePriceImport/Persistence/ProductApiSchedulePriceImportRepository.php">
      <class name="FondOfKudu\Zed\ProductApiSchedulePriceImport\Persistence\ProductApiSchedulePriceImportRepository" namespace="global">
        <metrics complexity="2" methods="2" coveredmethods="0" conditionals="0" coveredconditionals="0" statements="14" coveredstatements="0" elements="16" coveredelements="0"/>
      </class>
      <line num="20" type="method" name="findPriceProductScheduleByIdProductAbstractAndIdCurrencyAndIdStore" visibility="public" complexity="1" crap="2" count="0"/>
      <line num="25" type="stmt" count="0"/>
      <line num="26" type="stmt" count="0"/>
      <line num="27" type="stmt" count="0"/>
      <line num="28" type="stmt" count="0"/>
      <line num="29" type="stmt" count="0"/>
      <line num="30" type="stmt" count="0"/>
      <line num="31" type="stmt" count="0"/>
      <line num="41" type="method" name="findPriceProductScheduleByIdProductConcreteAndIdCurrencyAndIdStore" visibility="public" complexity="1" crap="2" count="0"/>
      <line num="46" type="stmt" count="0"/>
      <line num="47" type="stmt" count="0"/>
      <line num="48" type="stmt" count="0"/>
      <line num="49" type="stmt" count="0"/>
      <line num="50" type="stmt" count="0"/>
      <line num="51" type="stmt" count="0"/>
      <line num="52" type="stmt" count="0"/>
      <metrics loc="55" ncloc="38" classes="1" methods="2" coveredmethods="0" conditionals="0" coveredconditionals="0" statements="14" coveredstatements="0" elements="16" coveredelements="0"/>
    </file>
    <file name="/Users/cre/code/fond-of-kudu/bundles/product-api-schedule-price-import/src/FondOfKudu/Zed/ProductApiSchedulePriceImport/Persistence/ProductApiSchedulePriceImportRepositoryInterface.php">
      <metrics loc="35" ncloc="21" classes="0" methods="0" coveredmethods="0" conditionals="0" coveredconditionals="0" statements="0" coveredstatements="0" elements="0" coveredelements="0"/>
    </file>
    <file name="/Users/cre/code/fond-of-kudu/bundles/product-api-schedule-price-import/src/FondOfKudu/Zed/ProductApiSchedulePriceImport/ProductApiSchedulePriceImportConfig.php">
      <class name="FondOfKudu\Zed\ProductApiSchedulePriceImport\ProductApiSchedulePriceImportConfig" namespace="global">
        <metrics complexity="6" methods="6" coveredmethods="0" conditionals="0" coveredconditionals="0" statements="24" coveredstatements="0" elements="30" coveredelements="0"/>
      </class>
      <line num="13" type="method" name="getPriceDimensionRrp" visibility="public" complexity="1" crap="2" count="0"/>
      <line num="15" type="stmt" count="0"/>
      <line num="16" type="stmt" count="0"/>
      <line num="17" type="stmt" count="0"/>
      <line num="18" type="stmt" count="0"/>
      <line num="24" type="method" name="getPriceDimensionSale" visibility="public" complexity="1" crap="2" count="0"/>
      <line num="26" type="stmt" count="0"/>
      <line num="27" type="stmt" count="0"/>
      <line num="28" type="stmt" count="0"/>
      <line num="29" type="stmt" count="0"/>
      <line num="35" type="method" name="getProductAttributeSalePrice" visibility="public" complexity="1" crap="2" count="0"/>
      <line num="37" type="stmt" count="0"/>
      <line num="38" type="stmt" count="0"/>
      <line num="39" type="stmt" count="0"/>
      <line num="40" type="stmt" count="0"/>
      <line num="46" type="method" name="getProductAttributeSalePriceFrom" visibility="public" complexity="1" crap="2" count="0"/>
      <line num="48" type="stmt" count="0"/>
      <line num="49" type="stmt" count="0"/>
      <line num="50" type="stmt" count="0"/>
      <line num="51" type="stmt" count="0"/>
      <line num="57" type="method" name="getProductAttributeSalePriceTo" visibility="public" complexity="1" crap="2" count="0"/>
      <line num="59" type="stmt" count="0"/>
      <line num="60" type="stmt" count="0"/>
      <line num="61" type="stmt" count="0"/>
      <line num="62" type="stmt" count="0"/>
      <line num="68" type="method" name="getIdPriceProductScheduleList" visibility="public" complexity="1" crap="2" count="0"/>
      <line num="70" type="stmt" count="0"/>
      <line num="71" type="stmt" count="0"/>
      <line num="72" type="stmt" count="0"/>
      <line num="73" type="stmt" count="0"/>
      <metrics loc="76" ncloc="58" classes="1" methods="6" coveredmethods="0" conditionals="0" coveredconditionals="0" statements="24" coveredstatements="0" elements="30" coveredelements="0"/>
    </file>
    <file name="/Users/cre/code/fond-of-kudu/bundles/product-image-storage-connector/src/FondOfKudu/Client/ProductImageStorageConnector/Dependency/Client/ProductImageStorageConnectorToProductImageStorageClientBridge.php">
      <class name="FondOfKudu\Client\ProductImageStorageConnector\Dependency\Client\ProductImageStorageConnectorToProductImageStorageClientBridge" namespace="global">
        <metrics complexity="2" methods="2" coveredmethods="2" conditionals="0" coveredconditionals="0" statements="2" coveredstatements="2" elements="4" coveredelements="4"/>
      </class>
      <line num="18" type="method" name="__construct" visibility="public" complexity="1" crap="1" count="1"/>
      <line num="20" type="stmt" count="1"/>
      <line num="29" type="method" name="findProductImageAbstractStorageTransfer" visibility="public" complexity="1" crap="1" count="1"/>
      <line num="33" type="stmt" count="1"/>
      <metrics loc="36" ncloc="24" classes="1" methods="2" coveredmethods="2" conditionals="0" coveredconditionals="0" statements="2" coveredstatements="2" elements="4" coveredelements="4"/>
    </file>
    <file name="/Users/cre/code/fond-of-kudu/bundles/product-image-storage-connector/src/FondOfKudu/Client/ProductImageStorageConnector/Dependency/Client/ProductImageStorageConnectorToProductImageStorageClientInterface.php">
      <metrics loc="20" ncloc="14" classes="0" methods="0" coveredmethods="0" conditionals="0" coveredconditionals="0" statements="0" coveredstatements="0" elements="0" coveredelements="0"/>
    </file>
    <file name="/Users/cre/code/fond-of-kudu/bundles/product-image-storage-connector/src/FondOfKudu/Client/ProductImageStorageConnector/Expander/ProductViewImageCustomSetsExpander.php">
      <class name="FondOfKudu\Client\ProductImageStorageConnector\Expander\ProductViewImageCustomSetsExpander" namespace="global">
        <metrics complexity="12" methods="4" coveredmethods="4" conditionals="0" coveredconditionals="0" statements="28" coveredstatements="28" elements="32" coveredelements="32"/>
      </class>
      <line num="28" type="method" name="__construct" visibility="public" complexity="1" crap="1" count="3"/>
      <line num="32" type="stmt" count="3"/>
      <line num="33" type="stmt" count="3"/>
      <line num="43" type="method" name="expandProductViewTransfer" visibility="public" complexity="6" crap="6" count="3"/>
      <line num="48" type="stmt" count="3"/>
      <line num="49" type="stmt" count="3"/>
      <line num="51" type="stmt" count="3"/>
      <line num="52" type="stmt" count="1"/>
      <line num="55" type="stmt" count="3"/>
      <line num="56" type="stmt" count="3"/>
      <line num="57" type="stmt" count="3"/>
      <line num="58" type="stmt" count="3"/>
      <line num="59" type="stmt" count="3"/>
      <line num="60" type="stmt" count="3"/>
      <line num="62" type="stmt" count="3"/>
      <line num="63" type="stmt" count="3"/>
      <line num="66" type="stmt" count="2"/>
      <line num="69" type="stmt" count="3"/>
      <line num="70" type="stmt" count="2"/>
      <line num="73" type="stmt" count="3"/>
      <line num="83" type="method" name="getImages" visibility="protected" complexity="2" crap="2" count="3"/>
      <line num="88" type="stmt" count="3"/>
      <line num="89" type="stmt" count="3"/>
      <line num="91" type="stmt" count="3"/>
      <line num="92" type="stmt" count="1"/>
      <line num="95" type="stmt" count="2"/>
      <line num="104" type="method" name="getImageSetImages" visibility="protected" complexity="3" crap="3" count="2"/>
      <line num="108" type="stmt" count="2"/>
      <line num="109" type="stmt" count="2"/>
      <line num="110" type="stmt" count="2"/>
      <line num="113" type="stmt" count="2"/>
      <line num="116" type="stmt" count="2"/>
      <metrics loc="119" ncloc="89" classes="1" methods="4" coveredmethods="4" conditionals="0" coveredconditionals="0" statements="28" coveredstatements="28" elements="32" coveredelements="32"/>
    </file>
    <file name="/Users/cre/code/fond-of-kudu/bundles/product-image-storage-connector/src/FondOfKudu/Client/ProductImageStorageConnector/Expander/ProductViewImageCustomSetsExpanderInterface.php">
      <metrics loc="22" ncloc="15" classes="0" methods="0" coveredmethods="0" conditionals="0" coveredconditionals="0" statements="0" coveredstatements="0" elements="0" coveredelements="0"/>
    </file>
    <file name="/Users/cre/code/fond-of-kudu/bundles/product-image-storage-connector/src/FondOfKudu/Client/ProductImageStorageConnector/Plugin/ProductViewImageCustomSetExpanderPlugin.php">
      <class name="FondOfKudu\Client\ProductImageStorageConnector\Plugin\ProductViewImageCustomSetExpanderPlugin" namespace="global">
        <metrics complexity="1" methods="1" coveredmethods="1" conditionals="0" coveredconditionals="0" statements="3" coveredstatements="3" elements="4" coveredelements="4"/>
      </class>
      <line num="21" type="method" name="expandProductViewTransfer" visibility="public" complexity="1" crap="1" count="1"/>
      <line num="26" type="stmt" count="1"/>
      <line num="27" type="stmt" count="1"/>
      <line num="28" type="stmt" count="1"/>
      <metrics loc="31" ncloc="21" classes="1" methods="1" coveredmethods="1" conditionals="0" coveredconditionals="0" statements="3" coveredstatements="3" elements="4" coveredelements="4"/>
    </file>
    <file name="/Users/cre/code/fond-of-kudu/bundles/product-image-storage-connector/src/FondOfKudu/Client/ProductImageStorageConnector/ProductImageStorageConnectorConfig.php">
      <class name="FondOfKudu\Client\ProductImageStorageConnector\ProductImageStorageConnectorConfig" namespace="global">
        <metrics complexity="2" methods="2" coveredmethods="0" conditionals="0" coveredconditionals="0" statements="47" coveredstatements="0" elements="49" coveredelements="0"/>
      </class>
      <line num="13" type="method" name="allwaysDefaultImageSet" visibility="public" complexity="1" crap="2" count="0"/>
      <line num="15" type="stmt" count="0"/>
      <line num="21" type="method" name="getImageSets" visibility="public" complexity="1" crap="2" count="0"/>
      <line num="23" type="stmt" count="0"/>
      <line num="24" type="stmt" count="0"/>
      <line num="25" type="stmt" count="0"/>
      <line num="26" type="stmt" count="0"/>
      <line num="27" type="stmt" count="0"/>
      <line num="28" type="stmt" count="0"/>
      <line num="29" type="stmt" count="0"/>
      <line num="30" type="stmt" count="0"/>
      <line num="31" type="stmt" count="0"/>
      <line num="32" type="stmt" count="0"/>
      <line num="33" type="stmt" count="0"/>
      <line num="34" type="stmt" count="0"/>
      <line num="35" type="stmt" count="0"/>
      <line num="36" type="stmt" count="0"/>
      <line num="37" type="stmt" count="0"/>
      <line num="38" type="stmt" count="0"/>
      <line num="39" type="stmt" count="0"/>
      <line num="40" type="stmt" count="0"/>
      <line num="41" type="stmt" count="0"/>
      <line num="42" type="stmt" count="0"/>
      <line num="43" type="stmt" count="0"/>
      <line num="44" type="stmt" count="0"/>
      <line num="45" type="stmt" count="0"/>
      <line num="46" type="stmt" count="0"/>
      <line num="47" type="stmt" count="0"/>
      <line num="48" type="stmt" count="0"/>
      <line num="49" type="stmt" count="0"/>
      <line num="50" type="stmt" count="0"/>
      <line num="51" type="stmt" count="0"/>
      <line num="52" type="stmt" count="0"/>
      <line num="53" type="stmt" count="0"/>
      <line num="54" type="stmt" count="0"/>
      <line num="55" type="stmt" count="0"/>
      <line num="56" type="stmt" count="0"/>
      <line num="57" type="stmt" count="0"/>
      <line num="58" type="stmt" count="0"/>
      <line num="59" type="stmt" count="0"/>
      <line num="60" type="stmt" count="0"/>
      <line num="61" type="stmt" count="0"/>
      <line num="62" type="stmt" count="0"/>
      <line num="63" type="stmt" count="0"/>
      <line num="64" type="stmt" count="0"/>
      <line num="65" type="stmt" count="0"/>
      <line num="66" type="stmt" count="0"/>
      <line num="67" type="stmt" count="0"/>
      <line num="68" type="stmt" count="0"/>
      <metrics loc="71" ncloc="65" classes="1" methods="2" coveredmethods="0" conditionals="0" coveredconditionals="0" statements="47" coveredstatements="0" elements="49" coveredelements="0"/>
    </file>
    <file name="/Users/cre/code/fond-of-kudu/bundles/product-image-storage-connector/src/FondOfKudu/Client/ProductImageStorageConnector/ProductImageStorageConnectorFactory.php">
      <class name="FondOfKudu\Client\ProductImageStorageConnector\ProductImageStorageConnectorFactory" namespace="global">
        <metrics complexity="2" methods="2" coveredmethods="0" conditionals="0" coveredconditionals="0" statements="5" coveredstatements="0" elements="7" coveredelements="0"/>
      </class>
      <line num="18" type="method" name="createProductViewImageCustomSetsExpander" visibility="public" complexity="1" crap="2" count="0"/>
      <line num="20" type="stmt" count="0"/>
      <line num="21" type="stmt" count="0"/>
      <line num="22" type="stmt" count="0"/>
      <line num="23" type="stmt" count="0"/>
      <line num="29" type="method" name="getProductImageStorageClient" visibility="protected" complexity="1" crap="2" count="0"/>
      <line num="31" type="stmt" count="0"/>
      <metrics loc="34" ncloc="25" classes="1" methods="2" coveredmethods="0" conditionals="0" coveredconditionals="0" statements="5" coveredstatements="0" elements="7" coveredelements="0"/>
    </file>
    <file name="/Users/cre/code/fond-of-kudu/bundles/product-image-storage-connector/src/FondOfKudu/Shared/ProductImageStorageConnector/ProductImageStorageConnectorConstants.php">
      <metrics loc="242" ncloc="101" classes="0" methods="0" coveredmethods="0" conditionals="0" coveredconditionals="0" statements="0" coveredstatements="0" elements="0" coveredelements="0"/>
    </file>
    <metrics files="118" loc="4955" ncloc="3385" classes="75" methods="162" coveredmethods="94" conditionals="0" coveredconditionals="0" statements="696" coveredstatements="438" elements="858" coveredelements="532"/>
  </project>
</coverage>
